<?xml version="1.0" encoding="UTF-8"?>
<coverage generated="1615273161842" clover="3.2.0">
  <project timestamp="1615273161842" name="All files">
    <metrics statements="291" coveredstatements="291" conditionals="74" coveredconditionals="70" methods="33" coveredmethods="33" elements="398" coveredelements="394" complexity="0" loc="291" ncloc="291" packages="2" files="2" classes="2"/>
    <package name="js">
      <metrics statements="2" coveredstatements="2" conditionals="0" coveredconditionals="0" methods="1" coveredmethods="1"/>
      <file name="example.js" path="/home/dcap/homework/cse110/project/cse110-w21-group15/js/example.js">
        <metrics statements="2" coveredstatements="2" conditionals="0" coveredconditionals="0" methods="1" coveredmethods="1"/>
        <line num="3" count="1" type="stmt"/>
        <line num="5" count="1" type="stmt"/>
      </file>
    </package>
    <package name="source">
      <metrics statements="289" coveredstatements="289" conditionals="74" coveredconditionals="70" methods="32" coveredmethods="32"/>
      <file name="main.js" path="/home/dcap/homework/cse110/project/cse110-w21-group15/source/main.js">
        <metrics statements="289" coveredstatements="289" conditionals="74" coveredconditionals="70" methods="32" coveredmethods="32"/>
        <line num="1" count="5" type="stmt"/>
        <line num="13" count="5" type="stmt"/>
        <line num="25" count="5" type="stmt"/>
        <line num="31" count="5" type="stmt"/>
        <line num="32" count="2" type="stmt"/>
        <line num="33" count="2" type="stmt"/>
        <line num="34" count="2" type="stmt"/>
        <line num="35" count="2" type="stmt"/>
        <line num="36" count="2" type="stmt"/>
        <line num="37" count="2" type="stmt"/>
        <line num="38" count="2" type="stmt"/>
        <line num="39" count="2" type="stmt"/>
        <line num="42" count="2" type="stmt"/>
        <line num="43" count="2" type="stmt"/>
        <line num="47" count="7" type="stmt"/>
        <line num="48" count="7" type="stmt"/>
        <line num="49" count="7" type="stmt"/>
        <line num="52" count="7" type="cond" truecount="8" falsecount="0"/>
        <line num="55" count="1" type="stmt"/>
        <line num="56" count="1" type="stmt"/>
        <line num="57" count="1" type="stmt"/>
        <line num="58" count="1" type="stmt"/>
        <line num="59" count="1" type="stmt"/>
        <line num="61" count="1" type="stmt"/>
        <line num="62" count="1" type="stmt"/>
        <line num="65" count="6" type="stmt"/>
        <line num="66" count="6" type="stmt"/>
        <line num="71" count="9" type="stmt"/>
        <line num="72" count="9" type="stmt"/>
        <line num="73" count="9" type="stmt"/>
        <line num="74" count="9" type="stmt"/>
        <line num="77" count="9" type="cond" truecount="2" falsecount="0"/>
        <line num="78" count="2" type="stmt"/>
        <line num="79" count="2" type="stmt"/>
        <line num="80" count="2" type="stmt"/>
        <line num="82" count="7" type="stmt"/>
        <line num="83" count="7" type="stmt"/>
        <line num="84" count="7" type="stmt"/>
        <line num="90" count="6" type="stmt"/>
        <line num="91" count="6" type="stmt"/>
        <line num="92" count="6" type="stmt"/>
        <line num="93" count="6" type="stmt"/>
        <line num="95" count="6" type="cond" truecount="1" falsecount="1"/>
        <line num="96" count="6" type="stmt"/>
        <line num="99" count="6" type="cond" truecount="1" falsecount="1"/>
        <line num="100" count="6" type="stmt"/>
        <line num="103" count="6" type="cond" truecount="1" falsecount="1"/>
        <line num="104" count="6" type="stmt"/>
        <line num="108" count="6" type="stmt"/>
        <line num="111" count="6" type="cond" truecount="2" falsecount="0"/>
        <line num="112" count="3" type="stmt"/>
        <line num="114" count="3" type="stmt"/>
        <line num="120" count="1" type="stmt"/>
        <line num="121" count="1" type="stmt"/>
        <line num="124" count="1" type="stmt"/>
        <line num="127" count="1" type="stmt"/>
        <line num="132" count="1" type="stmt"/>
        <line num="133" count="1" type="stmt"/>
        <line num="134" count="1" type="stmt"/>
        <line num="135" count="1" type="stmt"/>
        <line num="138" count="1" type="stmt"/>
        <line num="139" count="1" type="stmt"/>
        <line num="141" count="1" type="stmt"/>
        <line num="142" count="1" type="stmt"/>
        <line num="144" count="1" type="stmt"/>
        <line num="146" count="1" type="stmt"/>
        <line num="150" count="4" type="stmt"/>
        <line num="151" count="4" type="stmt"/>
        <line num="153" count="4" type="cond" truecount="2" falsecount="0"/>
        <line num="154" count="3" type="stmt"/>
        <line num="155" count="3" type="stmt"/>
        <line num="157" count="4" type="stmt"/>
        <line num="162" count="5" type="stmt"/>
        <line num="163" count="5" type="stmt"/>
        <line num="164" count="5" type="stmt"/>
        <line num="166" count="5" type="stmt"/>
        <line num="171" count="5" type="cond" truecount="3" falsecount="0"/>
        <line num="173" count="2" type="stmt"/>
        <line num="174" count="2" type="stmt"/>
        <line num="176" count="2" type="stmt"/>
        <line num="177" count="2" type="stmt"/>
        <line num="179" count="1" type="stmt"/>
        <line num="180" count="1" type="stmt"/>
        <line num="184" count="5" type="cond" truecount="2" falsecount="0"/>
        <line num="185" count="2" type="stmt"/>
        <line num="187" count="3" type="stmt"/>
        <line num="192" count="5" type="stmt"/>
        <line num="193" count="5" type="stmt"/>
        <line num="198" count="5" type="stmt"/>
        <line num="199" count="5" type="stmt"/>
        <line num="201" count="5" type="stmt"/>
        <line num="202" count="5" type="stmt"/>
        <line num="203" count="5" type="stmt"/>
        <line num="204" count="5" type="stmt"/>
        <line num="207" count="5" type="cond" truecount="3" falsecount="0"/>
        <line num="210" count="2" type="stmt"/>
        <line num="215" count="2" type="stmt"/>
        <line num="216" count="2" type="stmt"/>
        <line num="219" count="2" type="stmt"/>
        <line num="221" count="2" type="stmt"/>
        <line num="226" count="2" type="stmt"/>
        <line num="229" count="1" type="stmt"/>
        <line num="231" count="1" type="stmt"/>
        <line num="235" count="1" type="stmt"/>
        <line num="242" count="15" type="cond" truecount="3" falsecount="0"/>
        <line num="244" count="12" type="stmt"/>
        <line num="245" count="12" type="stmt"/>
        <line num="247" count="2" type="stmt"/>
        <line num="248" count="2" type="stmt"/>
        <line num="250" count="1" type="stmt"/>
        <line num="251" count="1" type="stmt"/>
        <line num="253" count="15" type="stmt"/>
        <line num="258" count="14" type="stmt"/>
        <line num="259" count="14" type="stmt"/>
        <line num="260" count="14" type="cond" truecount="2" falsecount="0"/>
        <line num="261" count="8" type="stmt"/>
        <line num="263" count="14" type="cond" truecount="2" falsecount="0"/>
        <line num="264" count="9" type="stmt"/>
        <line num="266" count="14" type="stmt"/>
        <line num="270" count="4" type="cond" truecount="2" falsecount="0"/>
        <line num="271" count="2" type="stmt"/>
        <line num="272" count="2" type="stmt"/>
        <line num="274" count="4" type="stmt"/>
        <line num="275" count="4" type="stmt"/>
        <line num="276" count="4" type="stmt"/>
        <line num="277" count="4" type="stmt"/>
        <line num="278" count="4" type="stmt"/>
        <line num="281" count="4" type="cond" truecount="4" falsecount="0"/>
        <line num="282" count="1" type="stmt"/>
        <line num="289" count="7" type="stmt"/>
        <line num="290" count="7" type="cond" truecount="3" falsecount="0"/>
        <line num="292" count="3" type="cond" truecount="2" falsecount="0"/>
        <line num="293" count="1" type="stmt"/>
        <line num="295" count="2" type="stmt"/>
        <line num="297" count="3" type="stmt"/>
        <line num="298" count="3" type="stmt"/>
        <line num="300" count="2" type="stmt"/>
        <line num="301" count="2" type="stmt"/>
        <line num="302" count="2" type="stmt"/>
        <line num="303" count="2" type="cond" truecount="2" falsecount="0"/>
        <line num="304" count="1" type="stmt"/>
        <line num="307" count="1" type="stmt"/>
        <line num="309" count="1" type="stmt"/>
        <line num="312" count="1" type="stmt"/>
        <line num="314" count="2" type="stmt"/>
        <line num="316" count="2" type="stmt"/>
        <line num="317" count="2" type="stmt"/>
        <line num="318" count="2" type="stmt"/>
        <line num="321" count="2" type="stmt"/>
        <line num="323" count="2" type="stmt"/>
        <line num="324" count="2" type="stmt"/>
        <line num="325" count="2" type="stmt"/>
        <line num="326" count="2" type="stmt"/>
        <line num="327" count="2" type="stmt"/>
        <line num="328" count="2" type="stmt"/>
        <line num="330" count="2" type="stmt"/>
        <line num="331" count="2" type="stmt"/>
        <line num="332" count="2" type="stmt"/>
        <line num="334" count="7" type="stmt"/>
        <line num="346" count="5" type="stmt"/>
        <line num="347" count="5" type="stmt"/>
        <line num="348" count="5" type="stmt"/>
        <line num="350" count="5" type="stmt"/>
        <line num="353" count="16" type="stmt"/>
        <line num="354" count="16" type="stmt"/>
        <line num="355" count="16" type="stmt"/>
        <line num="356" count="16" type="stmt"/>
        <line num="359" count="16" type="stmt"/>
        <line num="360" count="16" type="stmt"/>
        <line num="361" count="16" type="stmt"/>
        <line num="362" count="16" type="stmt"/>
        <line num="363" count="16" type="stmt"/>
        <line num="365" count="16" type="stmt"/>
        <line num="366" count="16" type="stmt"/>
        <line num="367" count="16" type="stmt"/>
        <line num="368" count="16" type="stmt"/>
        <line num="369" count="16" type="stmt"/>
        <line num="371" count="16" type="stmt"/>
        <line num="372" count="16" type="stmt"/>
        <line num="373" count="16" type="stmt"/>
        <line num="374" count="16" type="stmt"/>
        <line num="376" count="16" type="stmt"/>
        <line num="377" count="16" type="stmt"/>
        <line num="378" count="16" type="stmt"/>
        <line num="379" count="16" type="stmt"/>
        <line num="380" count="16" type="stmt"/>
        <line num="381" count="16" type="stmt"/>
        <line num="383" count="16" type="stmt"/>
        <line num="385" count="16" type="stmt"/>
        <line num="389" count="15" type="stmt"/>
        <line num="390" count="15" type="stmt"/>
        <line num="394" count="15" type="stmt"/>
        <line num="396" count="15" type="stmt"/>
        <line num="400" count="7" type="stmt"/>
        <line num="401" count="7" type="stmt"/>
        <line num="402" count="7" type="stmt"/>
        <line num="403" count="7" type="stmt"/>
        <line num="404" count="7" type="stmt"/>
        <line num="405" count="7" type="stmt"/>
        <line num="406" count="7" type="stmt"/>
        <line num="410" count="7" type="stmt"/>
        <line num="411" count="7" type="cond" truecount="2" falsecount="0"/>
        <line num="412" count="1" type="stmt"/>
        <line num="413" count="1" type="stmt"/>
        <line num="414" count="1" type="stmt"/>
        <line num="415" count="1" type="stmt"/>
        <line num="416" count="1" type="stmt"/>
        <line num="417" count="1" type="stmt"/>
        <line num="420" count="7" type="stmt"/>
        <line num="426" count="16" type="cond" truecount="4" falsecount="0"/>
        <line num="427" count="5" type="stmt"/>
        <line num="429" count="11" type="stmt"/>
        <line num="430" count="11" type="cond" truecount="2" falsecount="0"/>
        <line num="431" count="4" type="stmt"/>
        <line num="433" count="7" type="stmt"/>
        <line num="437" count="16" type="stmt"/>
        <line num="439" count="16" type="stmt"/>
        <line num="444" count="3" type="cond" truecount="4" falsecount="0"/>
        <line num="445" count="1" type="stmt"/>
        <line num="447" count="2" type="stmt"/>
        <line num="448" count="2" type="stmt"/>
        <line num="449" count="2" type="stmt"/>
        <line num="451" count="3" type="stmt"/>
        <line num="452" count="3" type="stmt"/>
        <line num="453" count="3" type="stmt"/>
        <line num="455" count="3" type="stmt"/>
        <line num="456" count="3" type="stmt"/>
        <line num="457" count="3" type="stmt"/>
        <line num="458" count="3" type="stmt"/>
        <line num="460" count="3" type="stmt"/>
        <line num="462" count="3" type="stmt"/>
        <line num="468" count="41" type="stmt"/>
        <line num="469" count="23" type="stmt"/>
        <line num="472" count="41" type="cond" truecount="2" falsecount="0"/>
        <line num="473" count="8" type="stmt"/>
        <line num="476" count="41" type="stmt"/>
        <line num="477" count="26" type="stmt"/>
        <line num="480" count="41" type="stmt"/>
        <line num="481" count="3" type="stmt"/>
        <line num="497" count="5" type="stmt"/>
        <line num="509" count="5" type="stmt"/>
        <line num="510" count="3" type="stmt"/>
        <line num="511" count="3" type="stmt"/>
        <line num="513" count="3" type="cond" truecount="2" falsecount="0"/>
        <line num="514" count="2" type="stmt"/>
        <line num="515" count="2" type="stmt"/>
        <line num="516" count="2" type="stmt"/>
        <line num="517" count="2" type="stmt"/>
        <line num="518" count="2" type="stmt"/>
        <line num="520" count="1" type="stmt"/>
        <line num="521" count="1" type="stmt"/>
        <line num="522" count="1" type="stmt"/>
        <line num="523" count="1" type="stmt"/>
        <line num="527" count="5" type="stmt"/>
        <line num="529" count="5" type="stmt"/>
        <line num="530" count="17" type="stmt"/>
        <line num="531" count="17" type="stmt"/>
        <line num="532" count="17" type="stmt"/>
        <line num="533" count="17" type="stmt"/>
        <line num="534" count="17" type="cond" truecount="2" falsecount="0"/>
        <line num="535" count="2" type="stmt"/>
        <line num="536" count="2" type="stmt"/>
        <line num="538" count="15" type="stmt"/>
        <line num="539" count="15" type="stmt"/>
        <line num="540" count="15" type="stmt"/>
        <line num="543" count="5" type="stmt"/>
        <line num="544" count="1" type="stmt"/>
        <line num="545" count="1" type="stmt"/>
        <line num="546" count="1" type="stmt"/>
        <line num="547" count="1" type="stmt"/>
        <line num="550" count="4" type="stmt"/>
        <line num="553" count="5" type="stmt"/>
        <line num="554" count="2" type="stmt"/>
        <line num="555" count="6" type="stmt"/>
        <line num="557" count="2" type="stmt"/>
        <line num="558" count="2" type="stmt"/>
        <line num="566" count="5" type="stmt"/>
        <line num="567" count="4" type="stmt"/>
        <line num="568" count="3" type="cond" truecount="3" falsecount="0"/>
        <line num="569" count="3" type="stmt"/>
        <line num="570" count="3" type="stmt"/>
        <line num="571" count="3" type="stmt"/>
        <line num="572" count="3" type="cond" truecount="4" falsecount="1"/>
        <line num="573" count="3" type="stmt"/>
        <line num="574" count="3" type="stmt"/>
        <line num="577" count="4" type="stmt"/>
        <line num="578" count="3" type="stmt"/>
        <line num="580" count="4" type="stmt"/>
        <line num="583" count="5" type="stmt"/>
      </file>
    </package>
  </project>
</coverage>
