{"/home/udaykalra/cse110-w21-group15/js/example.js": {"path":"/home/udaykalra/cse110-w21-group15/js/example.js","statementMap":{"0":{"start":{"line":3,"column":2},"end":{"line":3,"column":14}},"1":{"start":{"line":5,"column":0},"end":{"line":5,"column":20}}},"fnMap":{"0":{"name":"sum","decl":{"start":{"line":2,"column":9},"end":{"line":2,"column":12}},"loc":{"start":{"line":2,"column":20},"end":{"line":4,"column":1}},"line":2}},"branchMap":{},"s":{"0":1,"1":1},"f":{"0":1},"b":{},"_coverageSchema":"1a1c01bbd47fc00a2c39e90264f33305004495a9","hash":"e68847a0f35a8ef1eb7b6b6456082f8337d3e206"}
,"/home/udaykalra/cse110-w21-group15/source/main.js": {"path":"/home/udaykalra/cse110-w21-group15/source/main.js","statementMap":{"0":{"start":{"line":1,"column":18},"end":{"line":1,"column":37}},"1":{"start":{"line":13,"column":20},"end":{"line":22,"column":1}},"2":{"start":{"line":24,"column":14},"end":{"line":27,"column":1}},"3":{"start":{"line":30,"column":0},"end":{"line":43,"column":2}},"4":{"start":{"line":31,"column":2},"end":{"line":31,"column":73}},"5":{"start":{"line":32,"column":2},"end":{"line":32,"column":72}},"6":{"start":{"line":33,"column":2},"end":{"line":33,"column":77}},"7":{"start":{"line":34,"column":2},"end":{"line":34,"column":83}},"8":{"start":{"line":35,"column":2},"end":{"line":35,"column":78}},"9":{"start":{"line":36,"column":2},"end":{"line":36,"column":85}},"10":{"start":{"line":37,"column":2},"end":{"line":37,"column":84}},"11":{"start":{"line":38,"column":2},"end":{"line":38,"column":74}},"12":{"start":{"line":41,"column":2},"end":{"line":41,"column":35}},"13":{"start":{"line":42,"column":2},"end":{"line":42,"column":34}},"14":{"start":{"line":46,"column":25},"end":{"line":46,"column":61}},"15":{"start":{"line":47,"column":23},"end":{"line":47,"column":66}},"16":{"start":{"line":48,"column":23},"end":{"line":48,"column":65}},"17":{"start":{"line":51,"column":2},"end":{"line":68,"column":3}},"18":{"start":{"line":54,"column":4},"end":{"line":54,"column":46}},"19":{"start":{"line":55,"column":4},"end":{"line":55,"column":50}},"20":{"start":{"line":56,"column":4},"end":{"line":56,"column":49}},"21":{"start":{"line":57,"column":4},"end":{"line":57,"column":37}},"22":{"start":{"line":58,"column":4},"end":{"line":58,"column":36}},"23":{"start":{"line":60,"column":4},"end":{"line":60,"column":52}},"24":{"start":{"line":61,"column":4},"end":{"line":61,"column":62}},"25":{"start":{"line":62,"column":4},"end":{"line":62,"column":56}},"26":{"start":{"line":65,"column":4},"end":{"line":65,"column":51}},"27":{"start":{"line":66,"column":4},"end":{"line":66,"column":61}},"28":{"start":{"line":67,"column":4},"end":{"line":67,"column":55}},"29":{"start":{"line":72,"column":22},"end":{"line":72,"column":53}},"30":{"start":{"line":73,"column":25},"end":{"line":73,"column":61}},"31":{"start":{"line":74,"column":23},"end":{"line":74,"column":66}},"32":{"start":{"line":75,"column":23},"end":{"line":75,"column":65}},"33":{"start":{"line":78,"column":2},"end":{"line":86,"column":3}},"34":{"start":{"line":79,"column":4},"end":{"line":79,"column":34}},"35":{"start":{"line":80,"column":4},"end":{"line":80,"column":32}},"36":{"start":{"line":81,"column":4},"end":{"line":81,"column":32}},"37":{"start":{"line":83,"column":4},"end":{"line":83,"column":35}},"38":{"start":{"line":84,"column":4},"end":{"line":84,"column":33}},"39":{"start":{"line":85,"column":4},"end":{"line":85,"column":33}},"40":{"start":{"line":91,"column":24},"end":{"line":91,"column":67}},"41":{"start":{"line":92,"column":25},"end":{"line":92,"column":61}},"42":{"start":{"line":93,"column":23},"end":{"line":93,"column":66}},"43":{"start":{"line":94,"column":23},"end":{"line":94,"column":65}},"44":{"start":{"line":96,"column":2},"end":{"line":98,"column":3}},"45":{"start":{"line":97,"column":4},"end":{"line":97,"column":46}},"46":{"start":{"line":100,"column":2},"end":{"line":102,"column":3}},"47":{"start":{"line":101,"column":4},"end":{"line":101,"column":50}},"48":{"start":{"line":104,"column":2},"end":{"line":106,"column":3}},"49":{"start":{"line":105,"column":4},"end":{"line":105,"column":49}},"50":{"start":{"line":109,"column":2},"end":{"line":109,"column":15}},"51":{"start":{"line":112,"column":2},"end":{"line":116,"column":3}},"52":{"start":{"line":113,"column":4},"end":{"line":113,"column":41}},"53":{"start":{"line":115,"column":4},"end":{"line":115,"column":40}},"54":{"start":{"line":121,"column":2},"end":{"line":121,"column":56}},"55":{"start":{"line":122,"column":2},"end":{"line":122,"column":57}},"56":{"start":{"line":125,"column":2},"end":{"line":125,"column":15}},"57":{"start":{"line":128,"column":2},"end":{"line":128,"column":23}},"58":{"start":{"line":133,"column":2},"end":{"line":133,"column":28}},"59":{"start":{"line":134,"column":2},"end":{"line":134,"column":23}},"60":{"start":{"line":135,"column":2},"end":{"line":135,"column":22}},"61":{"start":{"line":136,"column":2},"end":{"line":136,"column":31}},"62":{"start":{"line":139,"column":2},"end":{"line":139,"column":57}},"63":{"start":{"line":140,"column":2},"end":{"line":140,"column":56}},"64":{"start":{"line":142,"column":2},"end":{"line":142,"column":35}},"65":{"start":{"line":143,"column":2},"end":{"line":143,"column":34}},"66":{"start":{"line":145,"column":2},"end":{"line":145,"column":31}},"67":{"start":{"line":147,"column":2},"end":{"line":147,"column":15}},"68":{"start":{"line":151,"column":2},"end":{"line":151,"column":35}},"69":{"start":{"line":153,"column":2},"end":{"line":156,"column":3}},"70":{"start":{"line":154,"column":4},"end":{"line":154,"column":26}},"71":{"start":{"line":155,"column":4},"end":{"line":155,"column":34}},"72":{"start":{"line":157,"column":2},"end":{"line":157,"column":49}},"73":{"start":{"line":162,"column":17},"end":{"line":162,"column":34}},"74":{"start":{"line":163,"column":18},"end":{"line":163,"column":24}},"75":{"start":{"line":164,"column":27},"end":{"line":164,"column":52}},"76":{"start":{"line":165,"column":21},"end":{"line":165,"column":53}},"77":{"start":{"line":168,"column":2},"end":{"line":178,"column":3}},"78":{"start":{"line":170,"column":6},"end":{"line":170,"column":76}},"79":{"start":{"line":171,"column":6},"end":{"line":171,"column":11}},"80":{"start":{"line":173,"column":6},"end":{"line":173,"column":82}},"81":{"start":{"line":174,"column":6},"end":{"line":174,"column":11}},"82":{"start":{"line":176,"column":6},"end":{"line":176,"column":81}},"83":{"start":{"line":177,"column":6},"end":{"line":177,"column":11}},"84":{"start":{"line":179,"column":2},"end":{"line":183,"column":3}},"85":{"start":{"line":180,"column":4},"end":{"line":180,"column":31}},"86":{"start":{"line":182,"column":4},"end":{"line":182,"column":56}},"87":{"start":{"line":185,"column":2},"end":{"line":185,"column":27}},"88":{"start":{"line":186,"column":2},"end":{"line":186,"column":42}},"89":{"start":{"line":191,"column":29},"end":{"line":191,"column":32}},"90":{"start":{"line":192,"column":29},"end":{"line":192,"column":31}},"91":{"start":{"line":194,"column":26},"end":{"line":194,"column":44}},"92":{"start":{"line":195,"column":26},"end":{"line":195,"column":44}},"93":{"start":{"line":196,"column":28},"end":{"line":196,"column":68}},"94":{"start":{"line":197,"column":28},"end":{"line":197,"column":68}},"95":{"start":{"line":198,"column":28},"end":{"line":198,"column":31}},"96":{"start":{"line":199,"column":32},"end":{"line":199,"column":90}},"97":{"start":{"line":200,"column":27},"end":{"line":200,"column":68}},"98":{"start":{"line":201,"column":2},"end":{"line":230,"column":3}},"99":{"start":{"line":204,"column":6},"end":{"line":207,"column":7}},"100":{"start":{"line":209,"column":6},"end":{"line":209,"column":48}},"101":{"start":{"line":210,"column":6},"end":{"line":210,"column":11}},"102":{"start":{"line":213,"column":6},"end":{"line":213,"column":84}},"103":{"start":{"line":215,"column":6},"end":{"line":219,"column":7}},"104":{"start":{"line":220,"column":6},"end":{"line":220,"column":11}},"105":{"start":{"line":223,"column":6},"end":{"line":223,"column":84}},"106":{"start":{"line":225,"column":6},"end":{"line":228,"column":7}},"107":{"start":{"line":229,"column":6},"end":{"line":229,"column":11}},"108":{"start":{"line":236,"column":2},"end":{"line":246,"column":3}},"109":{"start":{"line":238,"column":6},"end":{"line":238,"column":34}},"110":{"start":{"line":239,"column":6},"end":{"line":239,"column":11}},"111":{"start":{"line":241,"column":6},"end":{"line":241,"column":40}},"112":{"start":{"line":242,"column":6},"end":{"line":242,"column":11}},"113":{"start":{"line":244,"column":6},"end":{"line":244,"column":39}},"114":{"start":{"line":245,"column":6},"end":{"line":245,"column":11}},"115":{"start":{"line":248,"column":2},"end":{"line":248,"column":27}},"116":{"start":{"line":252,"column":13},"end":{"line":252,"column":47}},"117":{"start":{"line":253,"column":16},"end":{"line":253,"column":38}},"118":{"start":{"line":254,"column":2},"end":{"line":256,"column":3}},"119":{"start":{"line":255,"column":4},"end":{"line":255,"column":21}},"120":{"start":{"line":257,"column":2},"end":{"line":259,"column":3}},"121":{"start":{"line":258,"column":4},"end":{"line":258,"column":27}},"122":{"start":{"line":260,"column":2},"end":{"line":260,"column":66}},"123":{"start":{"line":264,"column":2},"end":{"line":267,"column":3}},"124":{"start":{"line":265,"column":4},"end":{"line":265,"column":33}},"125":{"start":{"line":266,"column":4},"end":{"line":266,"column":43}},"126":{"start":{"line":268,"column":2},"end":{"line":268,"column":20}},"127":{"start":{"line":269,"column":2},"end":{"line":269,"column":21}},"128":{"start":{"line":270,"column":2},"end":{"line":270,"column":34}},"129":{"start":{"line":271,"column":2},"end":{"line":271,"column":24}},"130":{"start":{"line":274,"column":2},"end":{"line":276,"column":3}},"131":{"start":{"line":275,"column":4},"end":{"line":275,"column":31}},"132":{"start":{"line":281,"column":2},"end":{"line":319,"column":3}},"133":{"start":{"line":283,"column":6},"end":{"line":287,"column":7}},"134":{"start":{"line":284,"column":8},"end":{"line":284,"column":39}},"135":{"start":{"line":286,"column":8},"end":{"line":286,"column":40}},"136":{"start":{"line":288,"column":6},"end":{"line":288,"column":27}},"137":{"start":{"line":289,"column":6},"end":{"line":289,"column":11}},"138":{"start":{"line":291,"column":6},"end":{"line":291,"column":32}},"139":{"start":{"line":292,"column":6},"end":{"line":292,"column":35}},"140":{"start":{"line":293,"column":6},"end":{"line":293,"column":25}},"141":{"start":{"line":294,"column":6},"end":{"line":300,"column":7}},"142":{"start":{"line":295,"column":8},"end":{"line":296,"column":45}},"143":{"start":{"line":298,"column":8},"end":{"line":299,"column":46}},"144":{"start":{"line":301,"column":6},"end":{"line":301,"column":39}},"145":{"start":{"line":303,"column":6},"end":{"line":303,"column":61}},"146":{"start":{"line":304,"column":6},"end":{"line":304,"column":60}},"147":{"start":{"line":305,"column":6},"end":{"line":305,"column":11}},"148":{"start":{"line":308,"column":6},"end":{"line":309,"column":44}},"149":{"start":{"line":310,"column":6},"end":{"line":310,"column":32}},"150":{"start":{"line":311,"column":6},"end":{"line":311,"column":35}},"151":{"start":{"line":312,"column":6},"end":{"line":312,"column":27}},"152":{"start":{"line":313,"column":6},"end":{"line":313,"column":24}},"153":{"start":{"line":314,"column":6},"end":{"line":314,"column":39}},"154":{"start":{"line":316,"column":6},"end":{"line":316,"column":61}},"155":{"start":{"line":317,"column":6},"end":{"line":317,"column":60}},"156":{"start":{"line":318,"column":6},"end":{"line":318,"column":11}},"157":{"start":{"line":320,"column":2},"end":{"line":320,"column":34}},"158":{"start":{"line":332,"column":20},"end":{"line":332,"column":22}},"159":{"start":{"line":333,"column":19},"end":{"line":333,"column":21}},"160":{"start":{"line":334,"column":22},"end":{"line":334,"column":24}},"161":{"start":{"line":336,"column":13},"end":{"line":336,"column":45}},"162":{"start":{"line":339,"column":20},"end":{"line":339,"column":56}},"163":{"start":{"line":340,"column":18},"end":{"line":340,"column":47}},"164":{"start":{"line":341,"column":2},"end":{"line":341,"column":46}},"165":{"start":{"line":342,"column":2},"end":{"line":342,"column":41}},"166":{"start":{"line":345,"column":22},"end":{"line":345,"column":54}},"167":{"start":{"line":346,"column":2},"end":{"line":346,"column":56}},"168":{"start":{"line":347,"column":2},"end":{"line":347,"column":98}},"169":{"start":{"line":348,"column":2},"end":{"line":348,"column":50}},"170":{"start":{"line":349,"column":2},"end":{"line":349,"column":34}},"171":{"start":{"line":351,"column":20},"end":{"line":351,"column":52}},"172":{"start":{"line":352,"column":2},"end":{"line":352,"column":55}},"173":{"start":{"line":353,"column":2},"end":{"line":353,"column":98}},"174":{"start":{"line":354,"column":2},"end":{"line":354,"column":50}},"175":{"start":{"line":355,"column":2},"end":{"line":355,"column":32}},"176":{"start":{"line":357,"column":19},"end":{"line":357,"column":46}},"177":{"start":{"line":358,"column":2},"end":{"line":358,"column":45}},"178":{"start":{"line":359,"column":2},"end":{"line":359,"column":38}},"179":{"start":{"line":360,"column":2},"end":{"line":360,"column":31}},"180":{"start":{"line":362,"column":21},"end":{"line":362,"column":53}},"181":{"start":{"line":363,"column":2},"end":{"line":363,"column":58}},"182":{"start":{"line":364,"column":2},"end":{"line":364,"column":103}},"183":{"start":{"line":365,"column":2},"end":{"line":365,"column":52}},"184":{"start":{"line":366,"column":2},"end":{"line":366,"column":35}},"185":{"start":{"line":367,"column":2},"end":{"line":367,"column":33}},"186":{"start":{"line":369,"column":2},"end":{"line":369,"column":22}},"187":{"start":{"line":371,"column":2},"end":{"line":371,"column":16}},"188":{"start":{"line":375,"column":18},"end":{"line":375,"column":32}},"189":{"start":{"line":376,"column":18},"end":{"line":379,"column":3}},"190":{"start":{"line":380,"column":2},"end":{"line":380,"column":26}},"191":{"start":{"line":382,"column":2},"end":{"line":382,"column":14}},"192":{"start":{"line":386,"column":15},"end":{"line":386,"column":32}},"193":{"start":{"line":387,"column":16},"end":{"line":387,"column":76}},"194":{"start":{"line":387,"column":42},"end":{"line":387,"column":75}},"195":{"start":{"line":388,"column":2},"end":{"line":388,"column":37}},"196":{"start":{"line":389,"column":2},"end":{"line":389,"column":63}},"197":{"start":{"line":390,"column":2},"end":{"line":390,"column":53}},"198":{"start":{"line":391,"column":2},"end":{"line":391,"column":134}},"199":{"start":{"line":392,"column":2},"end":{"line":392,"column":61}},"200":{"start":{"line":396,"column":2},"end":{"line":396,"column":29}},"201":{"start":{"line":397,"column":2},"end":{"line":404,"column":3}},"202":{"start":{"line":398,"column":4},"end":{"line":398,"column":54}},"203":{"start":{"line":399,"column":4},"end":{"line":399,"column":46}},"204":{"start":{"line":400,"column":4},"end":{"line":400,"column":114}},"205":{"start":{"line":401,"column":4},"end":{"line":401,"column":73}},"206":{"start":{"line":402,"column":4},"end":{"line":402,"column":52}},"207":{"start":{"line":403,"column":4},"end":{"line":403,"column":33}},"208":{"start":{"line":406,"column":2},"end":{"line":406,"column":14}},"209":{"start":{"line":412,"column":2},"end":{"line":421,"column":3}},"210":{"start":{"line":413,"column":4},"end":{"line":413,"column":21}},"211":{"start":{"line":415,"column":18},"end":{"line":415,"column":78}},"212":{"start":{"line":415,"column":44},"end":{"line":415,"column":77}},"213":{"start":{"line":416,"column":4},"end":{"line":420,"column":5}},"214":{"start":{"line":417,"column":6},"end":{"line":417,"column":94}},"215":{"start":{"line":417,"column":56},"end":{"line":417,"column":89}},"216":{"start":{"line":419,"column":6},"end":{"line":419,"column":33}},"217":{"start":{"line":423,"column":2},"end":{"line":423,"column":29}},"218":{"start":{"line":425,"column":2},"end":{"line":425,"column":14}},"219":{"start":{"line":430,"column":2},"end":{"line":436,"column":3}},"220":{"start":{"line":431,"column":4},"end":{"line":431,"column":28}},"221":{"start":{"line":433,"column":18},"end":{"line":433,"column":78}},"222":{"start":{"line":433,"column":44},"end":{"line":433,"column":77}},"223":{"start":{"line":434,"column":4},"end":{"line":434,"column":28}},"224":{"start":{"line":435,"column":4},"end":{"line":435,"column":31}},"225":{"start":{"line":437,"column":2},"end":{"line":437,"column":55}},"226":{"start":{"line":438,"column":2},"end":{"line":438,"column":68}},"227":{"start":{"line":439,"column":2},"end":{"line":439,"column":36}},"228":{"start":{"line":441,"column":19},"end":{"line":441,"column":46}},"229":{"start":{"line":442,"column":2},"end":{"line":442,"column":45}},"230":{"start":{"line":443,"column":2},"end":{"line":443,"column":93}},"231":{"start":{"line":444,"column":2},"end":{"line":444,"column":37}},"232":{"start":{"line":446,"column":2},"end":{"line":446,"column":26}},"233":{"start":{"line":448,"column":2},"end":{"line":448,"column":14}},"234":{"start":{"line":454,"column":2},"end":{"line":456,"column":3}},"235":{"start":{"line":455,"column":4},"end":{"line":455,"column":37}},"236":{"start":{"line":458,"column":2},"end":{"line":460,"column":3}},"237":{"start":{"line":459,"column":4},"end":{"line":459,"column":45}},"238":{"start":{"line":462,"column":2},"end":{"line":464,"column":3}},"239":{"start":{"line":462,"column":15},"end":{"line":462,"column":16}},"240":{"start":{"line":463,"column":4},"end":{"line":463,"column":44}},"241":{"start":{"line":466,"column":2},"end":{"line":468,"column":3}},"242":{"start":{"line":466,"column":15},"end":{"line":466,"column":16}},"243":{"start":{"line":467,"column":4},"end":{"line":467,"column":47}},"244":{"start":{"line":480,"column":23},"end":{"line":485,"column":1}},"245":{"start":{"line":487,"column":19},"end":{"line":501,"column":1}},"246":{"start":{"line":488,"column":2},"end":{"line":488,"column":76}},"247":{"start":{"line":489,"column":2},"end":{"line":489,"column":18}},"248":{"start":{"line":491,"column":2},"end":{"line":500,"column":3}},"249":{"start":{"line":492,"column":4},"end":{"line":492,"column":41}},"250":{"start":{"line":493,"column":4},"end":{"line":493,"column":61}},"251":{"start":{"line":494,"column":4},"end":{"line":494,"column":88}},"252":{"start":{"line":495,"column":4},"end":{"line":495,"column":12}},"253":{"start":{"line":497,"column":4},"end":{"line":497,"column":41}},"254":{"start":{"line":498,"column":4},"end":{"line":498,"column":64}},"255":{"start":{"line":499,"column":4},"end":{"line":499,"column":12}},"256":{"start":{"line":503,"column":0},"end":{"line":503,"column":55}},"257":{"start":{"line":505,"column":24},"end":{"line":517,"column":1}},"258":{"start":{"line":506,"column":16},"end":{"line":506,"column":38}},"259":{"start":{"line":507,"column":2},"end":{"line":507,"column":63}},"260":{"start":{"line":508,"column":2},"end":{"line":508,"column":23}},"261":{"start":{"line":509,"column":2},"end":{"line":509,"column":34}},"262":{"start":{"line":510,"column":2},"end":{"line":513,"column":3}},"263":{"start":{"line":511,"column":4},"end":{"line":511,"column":76}},"264":{"start":{"line":512,"column":4},"end":{"line":512,"column":19}},"265":{"start":{"line":514,"column":2},"end":{"line":514,"column":95}},"266":{"start":{"line":515,"column":2},"end":{"line":515,"column":64}},"267":{"start":{"line":516,"column":2},"end":{"line":516,"column":19}},"268":{"start":{"line":519,"column":21},"end":{"line":524,"column":1}},"269":{"start":{"line":520,"column":2},"end":{"line":520,"column":86}},"270":{"start":{"line":521,"column":2},"end":{"line":521,"column":71}},"271":{"start":{"line":522,"column":2},"end":{"line":522,"column":28}},"272":{"start":{"line":523,"column":2},"end":{"line":523,"column":21}},"273":{"start":{"line":526,"column":2},"end":{"line":526,"column":81}},"274":{"start":{"line":529,"column":26},"end":{"line":535,"column":1}},"275":{"start":{"line":530,"column":2},"end":{"line":532,"column":4}},"276":{"start":{"line":531,"column":4},"end":{"line":531,"column":31}},"277":{"start":{"line":533,"column":2},"end":{"line":533,"column":79}},"278":{"start":{"line":534,"column":2},"end":{"line":534,"column":110}},"279":{"start":{"line":538,"column":27},"end":{"line":549,"column":1}},"280":{"start":{"line":539,"column":31},"end":{"line":544,"column":3}},"281":{"start":{"line":540,"column":4},"end":{"line":543,"column":5}},"282":{"start":{"line":541,"column":6},"end":{"line":541,"column":78}},"283":{"start":{"line":542,"column":6},"end":{"line":542,"column":27}},"284":{"start":{"line":545,"column":30},"end":{"line":547,"column":3}},"285":{"start":{"line":546,"column":4},"end":{"line":546,"column":63}},"286":{"start":{"line":548,"column":2},"end":{"line":548,"column":73}},"287":{"start":{"line":550,"column":0},"end":{"line":584,"column":1}},"288":{"start":{"line":551,"column":2},"end":{"line":581,"column":3}}},"fnMap":{"0":{"name":"(anonymous_0)","decl":{"start":{"line":30,"column":46},"end":{"line":30,"column":47}},"loc":{"start":{"line":30,"column":63},"end":{"line":43,"column":1}},"line":30},"1":{"name":"settingsTime","decl":{"start":{"line":45,"column":9},"end":{"line":45,"column":21}},"loc":{"start":{"line":45,"column":25},"end":{"line":69,"column":1}},"line":45},"2":{"name":"disableTime","decl":{"start":{"line":71,"column":9},"end":{"line":71,"column":20}},"loc":{"start":{"line":71,"column":24},"end":{"line":87,"column":1}},"line":71},"3":{"name":"showSettings","decl":{"start":{"line":89,"column":9},"end":{"line":89,"column":21}},"loc":{"start":{"line":89,"column":25},"end":{"line":117,"column":1}},"line":89},"4":{"name":"startSession","decl":{"start":{"line":119,"column":9},"end":{"line":119,"column":21}},"loc":{"start":{"line":119,"column":25},"end":{"line":129,"column":1}},"line":119},"5":{"name":"stopSession","decl":{"start":{"line":131,"column":9},"end":{"line":131,"column":20}},"loc":{"start":{"line":131,"column":24},"end":{"line":148,"column":1}},"line":131},"6":{"name":"runTimer","decl":{"start":{"line":150,"column":9},"end":{"line":150,"column":17}},"loc":{"start":{"line":150,"column":32},"end":{"line":158,"column":1}},"line":150},"7":{"name":"updateSeedsImage","decl":{"start":{"line":160,"column":9},"end":{"line":160,"column":25}},"loc":{"start":{"line":160,"column":29},"end":{"line":187,"column":1}},"line":160},"8":{"name":"updateProgressBar","decl":{"start":{"line":189,"column":9},"end":{"line":189,"column":26}},"loc":{"start":{"line":189,"column":30},"end":{"line":231,"column":1}},"line":189},"9":{"name":"updateTimerLen","decl":{"start":{"line":233,"column":9},"end":{"line":233,"column":23}},"loc":{"start":{"line":233,"column":27},"end":{"line":249,"column":1}},"line":233},"10":{"name":"displayMinSecond","decl":{"start":{"line":251,"column":9},"end":{"line":251,"column":25}},"loc":{"start":{"line":251,"column":37},"end":{"line":261,"column":1}},"line":251},"11":{"name":"updateTimer","decl":{"start":{"line":263,"column":9},"end":{"line":263,"column":20}},"loc":{"start":{"line":263,"column":24},"end":{"line":277,"column":1}},"line":263},"12":{"name":"stateChange","decl":{"start":{"line":280,"column":9},"end":{"line":280,"column":20}},"loc":{"start":{"line":280,"column":50},"end":{"line":321,"column":1}},"line":280},"13":{"name":"buildNewTask","decl":{"start":{"line":338,"column":9},"end":{"line":338,"column":21}},"loc":{"start":{"line":338,"column":25},"end":{"line":372,"column":1}},"line":338},"14":{"name":"addToList","decl":{"start":{"line":374,"column":9},"end":{"line":374,"column":18}},"loc":{"start":{"line":374,"column":22},"end":{"line":383,"column":1}},"line":374},"15":{"name":"focusTask","decl":{"start":{"line":385,"column":9},"end":{"line":385,"column":18}},"loc":{"start":{"line":385,"column":22},"end":{"line":407,"column":1}},"line":385},"16":{"name":"(anonymous_16)","decl":{"start":{"line":387,"column":37},"end":{"line":387,"column":38}},"loc":{"start":{"line":387,"column":42},"end":{"line":387,"column":75}},"line":387},"17":{"name":"delFromList","decl":{"start":{"line":410,"column":9},"end":{"line":410,"column":20}},"loc":{"start":{"line":410,"column":24},"end":{"line":426,"column":1}},"line":410},"18":{"name":"(anonymous_18)","decl":{"start":{"line":415,"column":39},"end":{"line":415,"column":40}},"loc":{"start":{"line":415,"column":44},"end":{"line":415,"column":77}},"line":415},"19":{"name":"(anonymous_19)","decl":{"start":{"line":417,"column":51},"end":{"line":417,"column":52}},"loc":{"start":{"line":417,"column":56},"end":{"line":417,"column":89}},"line":417},"20":{"name":"completeTask","decl":{"start":{"line":428,"column":9},"end":{"line":428,"column":21}},"loc":{"start":{"line":428,"column":25},"end":{"line":449,"column":1}},"line":428},"21":{"name":"(anonymous_21)","decl":{"start":{"line":433,"column":39},"end":{"line":433,"column":40}},"loc":{"start":{"line":433,"column":44},"end":{"line":433,"column":77}},"line":433},"22":{"name":"redrawList","decl":{"start":{"line":453,"column":9},"end":{"line":453,"column":19}},"loc":{"start":{"line":453,"column":23},"end":{"line":469,"column":1}},"line":453},"23":{"name":"(anonymous_23)","decl":{"start":{"line":487,"column":19},"end":{"line":487,"column":20}},"loc":{"start":{"line":487,"column":24},"end":{"line":501,"column":1}},"line":487},"24":{"name":"(anonymous_24)","decl":{"start":{"line":505,"column":24},"end":{"line":505,"column":25}},"loc":{"start":{"line":505,"column":29},"end":{"line":517,"column":1}},"line":505},"25":{"name":"(anonymous_25)","decl":{"start":{"line":519,"column":21},"end":{"line":519,"column":22}},"loc":{"start":{"line":519,"column":34},"end":{"line":524,"column":1}},"line":519},"26":{"name":"restartSession","decl":{"start":{"line":525,"column":9},"end":{"line":525,"column":23}},"loc":{"start":{"line":525,"column":27},"end":{"line":527,"column":1}},"line":525},"27":{"name":"(anonymous_27)","decl":{"start":{"line":529,"column":26},"end":{"line":529,"column":27}},"loc":{"start":{"line":529,"column":32},"end":{"line":535,"column":1}},"line":529},"28":{"name":"(anonymous_28)","decl":{"start":{"line":530,"column":34},"end":{"line":530,"column":35}},"loc":{"start":{"line":530,"column":42},"end":{"line":532,"column":3}},"line":530},"29":{"name":"(anonymous_29)","decl":{"start":{"line":538,"column":27},"end":{"line":538,"column":28}},"loc":{"start":{"line":538,"column":50},"end":{"line":549,"column":1}},"line":538},"30":{"name":"(anonymous_30)","decl":{"start":{"line":539,"column":31},"end":{"line":539,"column":32}},"loc":{"start":{"line":539,"column":36},"end":{"line":544,"column":3}},"line":539},"31":{"name":"(anonymous_31)","decl":{"start":{"line":545,"column":30},"end":{"line":545,"column":31}},"loc":{"start":{"line":545,"column":36},"end":{"line":547,"column":3}},"line":545}},"branchMap":{"0":{"loc":{"start":{"line":51,"column":2},"end":{"line":68,"column":3}},"type":"if","locations":[{"start":{"line":51,"column":2},"end":{"line":68,"column":3}},{"start":{"line":51,"column":2},"end":{"line":68,"column":3}}],"line":51},"1":{"loc":{"start":{"line":51,"column":6},"end":{"line":53,"column":55}},"type":"binary-expr","locations":[{"start":{"line":51,"column":7},"end":{"line":51,"column":32}},{"start":{"line":51,"column":36},"end":{"line":51,"column":62}},{"start":{"line":52,"column":3},"end":{"line":52,"column":26}},{"start":{"line":52,"column":30},"end":{"line":52,"column":54}},{"start":{"line":53,"column":3},"end":{"line":53,"column":26}},{"start":{"line":53,"column":30},"end":{"line":53,"column":54}}],"line":51},"2":{"loc":{"start":{"line":78,"column":2},"end":{"line":86,"column":3}},"type":"if","locations":[{"start":{"line":78,"column":2},"end":{"line":86,"column":3}},{"start":{"line":78,"column":2},"end":{"line":86,"column":3}}],"line":78},"3":{"loc":{"start":{"line":96,"column":2},"end":{"line":98,"column":3}},"type":"if","locations":[{"start":{"line":96,"column":2},"end":{"line":98,"column":3}},{"start":{"line":96,"column":2},"end":{"line":98,"column":3}}],"line":96},"4":{"loc":{"start":{"line":100,"column":2},"end":{"line":102,"column":3}},"type":"if","locations":[{"start":{"line":100,"column":2},"end":{"line":102,"column":3}},{"start":{"line":100,"column":2},"end":{"line":102,"column":3}}],"line":100},"5":{"loc":{"start":{"line":104,"column":2},"end":{"line":106,"column":3}},"type":"if","locations":[{"start":{"line":104,"column":2},"end":{"line":106,"column":3}},{"start":{"line":104,"column":2},"end":{"line":106,"column":3}}],"line":104},"6":{"loc":{"start":{"line":112,"column":2},"end":{"line":116,"column":3}},"type":"if","locations":[{"start":{"line":112,"column":2},"end":{"line":116,"column":3}},{"start":{"line":112,"column":2},"end":{"line":116,"column":3}}],"line":112},"7":{"loc":{"start":{"line":153,"column":2},"end":{"line":156,"column":3}},"type":"if","locations":[{"start":{"line":153,"column":2},"end":{"line":156,"column":3}},{"start":{"line":153,"column":2},"end":{"line":156,"column":3}}],"line":153},"8":{"loc":{"start":{"line":168,"column":2},"end":{"line":178,"column":3}},"type":"switch","locations":[{"start":{"line":169,"column":4},"end":{"line":171,"column":11}},{"start":{"line":172,"column":4},"end":{"line":174,"column":11}},{"start":{"line":175,"column":4},"end":{"line":177,"column":11}}],"line":168},"9":{"loc":{"start":{"line":179,"column":2},"end":{"line":183,"column":3}},"type":"if","locations":[{"start":{"line":179,"column":2},"end":{"line":183,"column":3}},{"start":{"line":179,"column":2},"end":{"line":183,"column":3}}],"line":179},"10":{"loc":{"start":{"line":201,"column":2},"end":{"line":230,"column":3}},"type":"switch","locations":[{"start":{"line":202,"column":4},"end":{"line":210,"column":11}},{"start":{"line":211,"column":4},"end":{"line":220,"column":11}},{"start":{"line":221,"column":4},"end":{"line":229,"column":11}}],"line":201},"11":{"loc":{"start":{"line":236,"column":2},"end":{"line":246,"column":3}},"type":"switch","locations":[{"start":{"line":237,"column":4},"end":{"line":239,"column":11}},{"start":{"line":240,"column":4},"end":{"line":242,"column":11}},{"start":{"line":243,"column":4},"end":{"line":245,"column":11}}],"line":236},"12":{"loc":{"start":{"line":254,"column":2},"end":{"line":256,"column":3}},"type":"if","locations":[{"start":{"line":254,"column":2},"end":{"line":256,"column":3}},{"start":{"line":254,"column":2},"end":{"line":256,"column":3}}],"line":254},"13":{"loc":{"start":{"line":257,"column":2},"end":{"line":259,"column":3}},"type":"if","locations":[{"start":{"line":257,"column":2},"end":{"line":259,"column":3}},{"start":{"line":257,"column":2},"end":{"line":259,"column":3}}],"line":257},"14":{"loc":{"start":{"line":264,"column":2},"end":{"line":267,"column":3}},"type":"if","locations":[{"start":{"line":264,"column":2},"end":{"line":267,"column":3}},{"start":{"line":264,"column":2},"end":{"line":267,"column":3}}],"line":264},"15":{"loc":{"start":{"line":274,"column":2},"end":{"line":276,"column":3}},"type":"if","locations":[{"start":{"line":274,"column":2},"end":{"line":276,"column":3}},{"start":{"line":274,"column":2},"end":{"line":276,"column":3}}],"line":274},"16":{"loc":{"start":{"line":274,"column":6},"end":{"line":274,"column":60}},"type":"binary-expr","locations":[{"start":{"line":274,"column":6},"end":{"line":274,"column":34}},{"start":{"line":274,"column":38},"end":{"line":274,"column":60}}],"line":274},"17":{"loc":{"start":{"line":281,"column":2},"end":{"line":319,"column":3}},"type":"switch","locations":[{"start":{"line":282,"column":4},"end":{"line":289,"column":11}},{"start":{"line":290,"column":4},"end":{"line":305,"column":11}},{"start":{"line":306,"column":4},"end":{"line":318,"column":11}}],"line":281},"18":{"loc":{"start":{"line":283,"column":6},"end":{"line":287,"column":7}},"type":"if","locations":[{"start":{"line":283,"column":6},"end":{"line":287,"column":7}},{"start":{"line":283,"column":6},"end":{"line":287,"column":7}}],"line":283},"19":{"loc":{"start":{"line":294,"column":6},"end":{"line":300,"column":7}},"type":"if","locations":[{"start":{"line":294,"column":6},"end":{"line":300,"column":7}},{"start":{"line":294,"column":6},"end":{"line":300,"column":7}}],"line":294},"20":{"loc":{"start":{"line":397,"column":2},"end":{"line":404,"column":3}},"type":"if","locations":[{"start":{"line":397,"column":2},"end":{"line":404,"column":3}},{"start":{"line":397,"column":2},"end":{"line":404,"column":3}}],"line":397},"21":{"loc":{"start":{"line":412,"column":2},"end":{"line":421,"column":3}},"type":"if","locations":[{"start":{"line":412,"column":2},"end":{"line":421,"column":3}},{"start":{"line":412,"column":2},"end":{"line":421,"column":3}}],"line":412},"22":{"loc":{"start":{"line":412,"column":6},"end":{"line":412,"column":78}},"type":"binary-expr","locations":[{"start":{"line":412,"column":6},"end":{"line":412,"column":28}},{"start":{"line":412,"column":32},"end":{"line":412,"column":78}}],"line":412},"23":{"loc":{"start":{"line":416,"column":4},"end":{"line":420,"column":5}},"type":"if","locations":[{"start":{"line":416,"column":4},"end":{"line":420,"column":5}},{"start":{"line":416,"column":4},"end":{"line":420,"column":5}}],"line":416},"24":{"loc":{"start":{"line":430,"column":2},"end":{"line":436,"column":3}},"type":"if","locations":[{"start":{"line":430,"column":2},"end":{"line":436,"column":3}},{"start":{"line":430,"column":2},"end":{"line":436,"column":3}}],"line":430},"25":{"loc":{"start":{"line":430,"column":6},"end":{"line":430,"column":78}},"type":"binary-expr","locations":[{"start":{"line":430,"column":6},"end":{"line":430,"column":28}},{"start":{"line":430,"column":32},"end":{"line":430,"column":78}}],"line":430},"26":{"loc":{"start":{"line":458,"column":2},"end":{"line":460,"column":3}},"type":"if","locations":[{"start":{"line":458,"column":2},"end":{"line":460,"column":3}},{"start":{"line":458,"column":2},"end":{"line":460,"column":3}}],"line":458},"27":{"loc":{"start":{"line":491,"column":2},"end":{"line":500,"column":3}},"type":"if","locations":[{"start":{"line":491,"column":2},"end":{"line":500,"column":3}},{"start":{"line":491,"column":2},"end":{"line":500,"column":3}}],"line":491},"28":{"loc":{"start":{"line":510,"column":2},"end":{"line":513,"column":3}},"type":"if","locations":[{"start":{"line":510,"column":2},"end":{"line":513,"column":3}},{"start":{"line":510,"column":2},"end":{"line":513,"column":3}}],"line":510},"29":{"loc":{"start":{"line":540,"column":4},"end":{"line":543,"column":5}},"type":"if","locations":[{"start":{"line":540,"column":4},"end":{"line":543,"column":5}},{"start":{"line":540,"column":4},"end":{"line":543,"column":5}}],"line":540},"30":{"loc":{"start":{"line":540,"column":8},"end":{"line":540,"column":120}},"type":"binary-expr","locations":[{"start":{"line":540,"column":8},"end":{"line":540,"column":32}},{"start":{"line":540,"column":36},"end":{"line":540,"column":63}},{"start":{"line":540,"column":67},"end":{"line":540,"column":120}}],"line":540}},"s":{"0":5,"1":5,"2":5,"3":5,"4":2,"5":2,"6":2,"7":2,"8":2,"9":2,"10":2,"11":2,"12":2,"13":2,"14":7,"15":7,"16":7,"17":7,"18":1,"19":1,"20":1,"21":1,"22":1,"23":1,"24":1,"25":1,"26":6,"27":6,"28":6,"29":9,"30":9,"31":9,"32":9,"33":9,"34":2,"35":2,"36":2,"37":7,"38":7,"39":7,"40":6,"41":6,"42":6,"43":6,"44":6,"45":1,"46":6,"47":2,"48":6,"49":2,"50":6,"51":6,"52":3,"53":3,"54":1,"55":1,"56":1,"57":1,"58":1,"59":1,"60":1,"61":1,"62":1,"63":1,"64":1,"65":1,"66":1,"67":1,"68":4,"69":4,"70":3,"71":3,"72":4,"73":5,"74":5,"75":5,"76":5,"77":5,"78":2,"79":2,"80":2,"81":2,"82":1,"83":1,"84":5,"85":2,"86":3,"87":5,"88":5,"89":5,"90":5,"91":5,"92":5,"93":5,"94":5,"95":5,"96":5,"97":5,"98":5,"99":2,"100":2,"101":2,"102":2,"103":2,"104":2,"105":1,"106":1,"107":1,"108":15,"109":12,"110":12,"111":2,"112":2,"113":1,"114":1,"115":15,"116":14,"117":14,"118":14,"119":8,"120":14,"121":9,"122":14,"123":4,"124":2,"125":2,"126":4,"127":4,"128":4,"129":4,"130":4,"131":1,"132":7,"133":3,"134":1,"135":2,"136":3,"137":3,"138":2,"139":2,"140":2,"141":2,"142":1,"143":1,"144":2,"145":2,"146":2,"147":2,"148":2,"149":2,"150":2,"151":2,"152":2,"153":2,"154":2,"155":2,"156":2,"157":7,"158":5,"159":5,"160":5,"161":5,"162":16,"163":16,"164":16,"165":16,"166":16,"167":16,"168":16,"169":16,"170":16,"171":16,"172":16,"173":16,"174":16,"175":16,"176":16,"177":16,"178":16,"179":16,"180":16,"181":16,"182":16,"183":16,"184":16,"185":16,"186":16,"187":16,"188":15,"189":15,"190":15,"191":15,"192":7,"193":7,"194":7,"195":7,"196":7,"197":7,"198":7,"199":7,"200":7,"201":7,"202":1,"203":1,"204":1,"205":1,"206":1,"207":1,"208":7,"209":16,"210":5,"211":11,"212":8,"213":11,"214":4,"215":3,"216":7,"217":16,"218":16,"219":3,"220":1,"221":2,"222":2,"223":2,"224":2,"225":3,"226":3,"227":3,"228":3,"229":3,"230":3,"231":3,"232":3,"233":3,"234":41,"235":23,"236":41,"237":8,"238":41,"239":41,"240":26,"241":41,"242":41,"243":3,"244":5,"245":5,"246":3,"247":3,"248":3,"249":2,"250":2,"251":2,"252":2,"253":1,"254":1,"255":1,"256":5,"257":5,"258":17,"259":17,"260":17,"261":17,"262":17,"263":2,"264":2,"265":15,"266":15,"267":15,"268":5,"269":1,"270":1,"271":1,"272":1,"273":4,"274":5,"275":2,"276":6,"277":2,"278":2,"279":5,"280":4,"281":3,"282":3,"283":3,"284":4,"285":3,"286":4,"287":5,"288":5},"f":{"0":2,"1":7,"2":9,"3":6,"4":1,"5":1,"6":4,"7":5,"8":5,"9":15,"10":14,"11":4,"12":7,"13":16,"14":15,"15":7,"16":7,"17":16,"18":8,"19":3,"20":3,"21":2,"22":41,"23":3,"24":17,"25":1,"26":4,"27":2,"28":6,"29":4,"30":3,"31":3},"b":{"0":[1,6],"1":[7,6,5,4,3,2],"2":[2,7],"3":[1,5],"4":[2,4],"5":[2,4],"6":[3,3],"7":[3,1],"8":[2,2,1],"9":[2,3],"10":[2,2,1],"11":[12,2,1],"12":[8,6],"13":[9,5],"14":[2,2],"15":[1,3],"16":[4,2],"17":[3,2,2],"18":[1,2],"19":[1,1],"20":[1,6],"21":[5,11],"22":[16,6],"23":[4,7],"24":[1,2],"25":[3,1],"26":[8,33],"27":[2,1],"28":[2,15],"29":[3,0],"30":[3,3,3]},"_coverageSchema":"1a1c01bbd47fc00a2c39e90264f33305004495a9","hash":"322f829851e66d88741e13a22b38447159f009bb"}
}
