{"/home/dcap/homework/cse110/project/cse110-w21-group15/js/example.js": {"path":"/home/dcap/homework/cse110/project/cse110-w21-group15/js/example.js","statementMap":{"0":{"start":{"line":3,"column":2},"end":{"line":3,"column":14}},"1":{"start":{"line":5,"column":0},"end":{"line":5,"column":20}}},"fnMap":{"0":{"name":"sum","decl":{"start":{"line":2,"column":9},"end":{"line":2,"column":12}},"loc":{"start":{"line":2,"column":20},"end":{"line":4,"column":1}},"line":2}},"branchMap":{},"s":{"0":1,"1":1},"f":{"0":1},"b":{},"_coverageSchema":"1a1c01bbd47fc00a2c39e90264f33305004495a9","hash":"fdc2657fd0f54766617da089a3ff58b95b056f4d"}
,"/home/dcap/homework/cse110/project/cse110-w21-group15/source/main.js": {"path":"/home/dcap/homework/cse110/project/cse110-w21-group15/source/main.js","statementMap":{"0":{"start":{"line":1,"column":18},"end":{"line":1,"column":37}},"1":{"start":{"line":13,"column":20},"end":{"line":22,"column":1}},"2":{"start":{"line":25,"column":14},"end":{"line":28,"column":1}},"3":{"start":{"line":31,"column":0},"end":{"line":44,"column":2}},"4":{"start":{"line":32,"column":2},"end":{"line":32,"column":73}},"5":{"start":{"line":33,"column":2},"end":{"line":33,"column":72}},"6":{"start":{"line":34,"column":2},"end":{"line":34,"column":77}},"7":{"start":{"line":35,"column":2},"end":{"line":35,"column":83}},"8":{"start":{"line":36,"column":2},"end":{"line":36,"column":78}},"9":{"start":{"line":37,"column":2},"end":{"line":37,"column":85}},"10":{"start":{"line":38,"column":2},"end":{"line":38,"column":84}},"11":{"start":{"line":39,"column":2},"end":{"line":39,"column":74}},"12":{"start":{"line":42,"column":2},"end":{"line":42,"column":35}},"13":{"start":{"line":43,"column":2},"end":{"line":43,"column":34}},"14":{"start":{"line":47,"column":25},"end":{"line":47,"column":61}},"15":{"start":{"line":48,"column":23},"end":{"line":48,"column":66}},"16":{"start":{"line":49,"column":23},"end":{"line":49,"column":65}},"17":{"start":{"line":52,"column":2},"end":{"line":67,"column":3}},"18":{"start":{"line":55,"column":4},"end":{"line":55,"column":46}},"19":{"start":{"line":56,"column":4},"end":{"line":56,"column":50}},"20":{"start":{"line":57,"column":4},"end":{"line":57,"column":49}},"21":{"start":{"line":58,"column":4},"end":{"line":58,"column":37}},"22":{"start":{"line":59,"column":4},"end":{"line":59,"column":36}},"23":{"start":{"line":61,"column":4},"end":{"line":61,"column":52}},"24":{"start":{"line":62,"column":4},"end":{"line":62,"column":62}},"25":{"start":{"line":65,"column":4},"end":{"line":65,"column":51}},"26":{"start":{"line":66,"column":4},"end":{"line":66,"column":61}},"27":{"start":{"line":71,"column":22},"end":{"line":71,"column":53}},"28":{"start":{"line":72,"column":25},"end":{"line":72,"column":61}},"29":{"start":{"line":73,"column":23},"end":{"line":73,"column":66}},"30":{"start":{"line":74,"column":23},"end":{"line":74,"column":65}},"31":{"start":{"line":77,"column":2},"end":{"line":85,"column":3}},"32":{"start":{"line":78,"column":4},"end":{"line":78,"column":34}},"33":{"start":{"line":79,"column":4},"end":{"line":79,"column":32}},"34":{"start":{"line":80,"column":4},"end":{"line":80,"column":32}},"35":{"start":{"line":82,"column":4},"end":{"line":82,"column":35}},"36":{"start":{"line":83,"column":4},"end":{"line":83,"column":33}},"37":{"start":{"line":84,"column":4},"end":{"line":84,"column":33}},"38":{"start":{"line":90,"column":24},"end":{"line":90,"column":67}},"39":{"start":{"line":91,"column":25},"end":{"line":91,"column":61}},"40":{"start":{"line":92,"column":23},"end":{"line":92,"column":66}},"41":{"start":{"line":93,"column":23},"end":{"line":93,"column":65}},"42":{"start":{"line":95,"column":2},"end":{"line":97,"column":3}},"43":{"start":{"line":96,"column":4},"end":{"line":96,"column":46}},"44":{"start":{"line":99,"column":2},"end":{"line":101,"column":3}},"45":{"start":{"line":100,"column":4},"end":{"line":100,"column":50}},"46":{"start":{"line":103,"column":2},"end":{"line":105,"column":3}},"47":{"start":{"line":104,"column":4},"end":{"line":104,"column":49}},"48":{"start":{"line":108,"column":2},"end":{"line":108,"column":15}},"49":{"start":{"line":111,"column":2},"end":{"line":115,"column":3}},"50":{"start":{"line":112,"column":4},"end":{"line":112,"column":41}},"51":{"start":{"line":114,"column":4},"end":{"line":114,"column":40}},"52":{"start":{"line":120,"column":2},"end":{"line":120,"column":56}},"53":{"start":{"line":121,"column":2},"end":{"line":121,"column":57}},"54":{"start":{"line":124,"column":2},"end":{"line":124,"column":15}},"55":{"start":{"line":127,"column":2},"end":{"line":127,"column":23}},"56":{"start":{"line":132,"column":2},"end":{"line":132,"column":28}},"57":{"start":{"line":133,"column":2},"end":{"line":133,"column":23}},"58":{"start":{"line":134,"column":2},"end":{"line":134,"column":22}},"59":{"start":{"line":135,"column":2},"end":{"line":135,"column":31}},"60":{"start":{"line":138,"column":2},"end":{"line":138,"column":57}},"61":{"start":{"line":139,"column":2},"end":{"line":139,"column":56}},"62":{"start":{"line":141,"column":2},"end":{"line":141,"column":35}},"63":{"start":{"line":142,"column":2},"end":{"line":142,"column":34}},"64":{"start":{"line":144,"column":2},"end":{"line":144,"column":31}},"65":{"start":{"line":146,"column":2},"end":{"line":146,"column":15}},"66":{"start":{"line":150,"column":2},"end":{"line":150,"column":35}},"67":{"start":{"line":151,"column":2},"end":{"line":151,"column":29}},"68":{"start":{"line":153,"column":2},"end":{"line":156,"column":3}},"69":{"start":{"line":154,"column":4},"end":{"line":154,"column":26}},"70":{"start":{"line":155,"column":4},"end":{"line":155,"column":34}},"71":{"start":{"line":157,"column":2},"end":{"line":157,"column":49}},"72":{"start":{"line":162,"column":17},"end":{"line":162,"column":34}},"73":{"start":{"line":163,"column":18},"end":{"line":163,"column":24}},"74":{"start":{"line":164,"column":27},"end":{"line":164,"column":52}},"75":{"start":{"line":166,"column":21},"end":{"line":166,"column":53}},"76":{"start":{"line":171,"column":2},"end":{"line":181,"column":3}},"77":{"start":{"line":173,"column":6},"end":{"line":173,"column":76}},"78":{"start":{"line":174,"column":6},"end":{"line":174,"column":11}},"79":{"start":{"line":176,"column":6},"end":{"line":176,"column":82}},"80":{"start":{"line":177,"column":6},"end":{"line":177,"column":11}},"81":{"start":{"line":179,"column":6},"end":{"line":179,"column":81}},"82":{"start":{"line":180,"column":6},"end":{"line":180,"column":11}},"83":{"start":{"line":184,"column":2},"end":{"line":188,"column":3}},"84":{"start":{"line":185,"column":4},"end":{"line":185,"column":31}},"85":{"start":{"line":187,"column":4},"end":{"line":187,"column":56}},"86":{"start":{"line":192,"column":2},"end":{"line":192,"column":27}},"87":{"start":{"line":193,"column":2},"end":{"line":193,"column":42}},"88":{"start":{"line":198,"column":29},"end":{"line":198,"column":32}},"89":{"start":{"line":199,"column":29},"end":{"line":199,"column":31}},"90":{"start":{"line":201,"column":26},"end":{"line":201,"column":44}},"91":{"start":{"line":202,"column":26},"end":{"line":202,"column":44}},"92":{"start":{"line":203,"column":28},"end":{"line":203,"column":68}},"93":{"start":{"line":204,"column":28},"end":{"line":204,"column":68}},"94":{"start":{"line":207,"column":2},"end":{"line":236,"column":3}},"95":{"start":{"line":210,"column":6},"end":{"line":213,"column":7}},"96":{"start":{"line":215,"column":6},"end":{"line":215,"column":48}},"97":{"start":{"line":216,"column":6},"end":{"line":216,"column":11}},"98":{"start":{"line":219,"column":6},"end":{"line":219,"column":65}},"99":{"start":{"line":221,"column":6},"end":{"line":225,"column":7}},"100":{"start":{"line":226,"column":6},"end":{"line":226,"column":11}},"101":{"start":{"line":229,"column":6},"end":{"line":229,"column":65}},"102":{"start":{"line":231,"column":6},"end":{"line":234,"column":7}},"103":{"start":{"line":235,"column":6},"end":{"line":235,"column":11}},"104":{"start":{"line":242,"column":2},"end":{"line":252,"column":3}},"105":{"start":{"line":244,"column":6},"end":{"line":244,"column":34}},"106":{"start":{"line":245,"column":6},"end":{"line":245,"column":11}},"107":{"start":{"line":247,"column":6},"end":{"line":247,"column":40}},"108":{"start":{"line":248,"column":6},"end":{"line":248,"column":11}},"109":{"start":{"line":250,"column":6},"end":{"line":250,"column":39}},"110":{"start":{"line":251,"column":6},"end":{"line":251,"column":11}},"111":{"start":{"line":253,"column":2},"end":{"line":253,"column":27}},"112":{"start":{"line":258,"column":13},"end":{"line":258,"column":47}},"113":{"start":{"line":259,"column":16},"end":{"line":259,"column":38}},"114":{"start":{"line":260,"column":2},"end":{"line":262,"column":3}},"115":{"start":{"line":261,"column":4},"end":{"line":261,"column":21}},"116":{"start":{"line":263,"column":2},"end":{"line":265,"column":3}},"117":{"start":{"line":264,"column":4},"end":{"line":264,"column":27}},"118":{"start":{"line":266,"column":2},"end":{"line":266,"column":66}},"119":{"start":{"line":270,"column":2},"end":{"line":273,"column":3}},"120":{"start":{"line":271,"column":4},"end":{"line":271,"column":33}},"121":{"start":{"line":272,"column":4},"end":{"line":272,"column":43}},"122":{"start":{"line":274,"column":2},"end":{"line":274,"column":29}},"123":{"start":{"line":275,"column":2},"end":{"line":275,"column":20}},"124":{"start":{"line":276,"column":2},"end":{"line":276,"column":21}},"125":{"start":{"line":277,"column":2},"end":{"line":277,"column":34}},"126":{"start":{"line":278,"column":2},"end":{"line":278,"column":24}},"127":{"start":{"line":281,"column":2},"end":{"line":283,"column":3}},"128":{"start":{"line":282,"column":4},"end":{"line":282,"column":31}},"129":{"start":{"line":289,"column":2},"end":{"line":289,"column":30}},"130":{"start":{"line":290,"column":2},"end":{"line":333,"column":3}},"131":{"start":{"line":292,"column":6},"end":{"line":296,"column":7}},"132":{"start":{"line":293,"column":8},"end":{"line":293,"column":39}},"133":{"start":{"line":295,"column":8},"end":{"line":295,"column":40}},"134":{"start":{"line":297,"column":6},"end":{"line":297,"column":27}},"135":{"start":{"line":298,"column":6},"end":{"line":298,"column":11}},"136":{"start":{"line":300,"column":6},"end":{"line":300,"column":32}},"137":{"start":{"line":301,"column":6},"end":{"line":301,"column":35}},"138":{"start":{"line":302,"column":6},"end":{"line":302,"column":25}},"139":{"start":{"line":303,"column":6},"end":{"line":313,"column":7}},"140":{"start":{"line":304,"column":8},"end":{"line":305,"column":51}},"141":{"start":{"line":307,"column":8},"end":{"line":307,"column":46}},"142":{"start":{"line":309,"column":8},"end":{"line":310,"column":46}},"143":{"start":{"line":312,"column":8},"end":{"line":312,"column":39}},"144":{"start":{"line":314,"column":6},"end":{"line":314,"column":39}},"145":{"start":{"line":316,"column":6},"end":{"line":316,"column":61}},"146":{"start":{"line":317,"column":6},"end":{"line":317,"column":60}},"147":{"start":{"line":318,"column":6},"end":{"line":318,"column":11}},"148":{"start":{"line":321,"column":6},"end":{"line":322,"column":44}},"149":{"start":{"line":323,"column":6},"end":{"line":323,"column":37}},"150":{"start":{"line":324,"column":6},"end":{"line":324,"column":32}},"151":{"start":{"line":325,"column":6},"end":{"line":325,"column":35}},"152":{"start":{"line":326,"column":6},"end":{"line":326,"column":27}},"153":{"start":{"line":327,"column":6},"end":{"line":327,"column":24}},"154":{"start":{"line":328,"column":6},"end":{"line":328,"column":39}},"155":{"start":{"line":330,"column":6},"end":{"line":330,"column":61}},"156":{"start":{"line":331,"column":6},"end":{"line":331,"column":60}},"157":{"start":{"line":332,"column":6},"end":{"line":332,"column":11}},"158":{"start":{"line":334,"column":2},"end":{"line":334,"column":34}},"159":{"start":{"line":346,"column":20},"end":{"line":346,"column":22}},"160":{"start":{"line":347,"column":19},"end":{"line":347,"column":21}},"161":{"start":{"line":348,"column":22},"end":{"line":348,"column":24}},"162":{"start":{"line":350,"column":13},"end":{"line":350,"column":45}},"163":{"start":{"line":353,"column":20},"end":{"line":353,"column":56}},"164":{"start":{"line":354,"column":18},"end":{"line":354,"column":47}},"165":{"start":{"line":355,"column":2},"end":{"line":355,"column":46}},"166":{"start":{"line":356,"column":2},"end":{"line":356,"column":41}},"167":{"start":{"line":359,"column":22},"end":{"line":359,"column":54}},"168":{"start":{"line":360,"column":2},"end":{"line":360,"column":56}},"169":{"start":{"line":361,"column":2},"end":{"line":361,"column":98}},"170":{"start":{"line":362,"column":2},"end":{"line":362,"column":50}},"171":{"start":{"line":363,"column":2},"end":{"line":363,"column":34}},"172":{"start":{"line":365,"column":20},"end":{"line":365,"column":52}},"173":{"start":{"line":366,"column":2},"end":{"line":366,"column":55}},"174":{"start":{"line":367,"column":2},"end":{"line":367,"column":98}},"175":{"start":{"line":368,"column":2},"end":{"line":368,"column":50}},"176":{"start":{"line":369,"column":2},"end":{"line":369,"column":32}},"177":{"start":{"line":371,"column":19},"end":{"line":371,"column":46}},"178":{"start":{"line":372,"column":2},"end":{"line":372,"column":45}},"179":{"start":{"line":373,"column":2},"end":{"line":373,"column":38}},"180":{"start":{"line":374,"column":2},"end":{"line":374,"column":31}},"181":{"start":{"line":376,"column":21},"end":{"line":376,"column":53}},"182":{"start":{"line":377,"column":2},"end":{"line":377,"column":58}},"183":{"start":{"line":378,"column":2},"end":{"line":378,"column":103}},"184":{"start":{"line":379,"column":2},"end":{"line":379,"column":52}},"185":{"start":{"line":380,"column":2},"end":{"line":380,"column":35}},"186":{"start":{"line":381,"column":2},"end":{"line":381,"column":33}},"187":{"start":{"line":383,"column":2},"end":{"line":383,"column":22}},"188":{"start":{"line":385,"column":2},"end":{"line":385,"column":16}},"189":{"start":{"line":389,"column":18},"end":{"line":389,"column":32}},"190":{"start":{"line":390,"column":18},"end":{"line":393,"column":3}},"191":{"start":{"line":394,"column":2},"end":{"line":394,"column":26}},"192":{"start":{"line":396,"column":2},"end":{"line":396,"column":14}},"193":{"start":{"line":400,"column":15},"end":{"line":400,"column":32}},"194":{"start":{"line":401,"column":16},"end":{"line":401,"column":76}},"195":{"start":{"line":401,"column":42},"end":{"line":401,"column":75}},"196":{"start":{"line":402,"column":2},"end":{"line":402,"column":37}},"197":{"start":{"line":403,"column":2},"end":{"line":403,"column":63}},"198":{"start":{"line":404,"column":2},"end":{"line":404,"column":53}},"199":{"start":{"line":405,"column":2},"end":{"line":405,"column":134}},"200":{"start":{"line":406,"column":2},"end":{"line":406,"column":61}},"201":{"start":{"line":410,"column":2},"end":{"line":410,"column":29}},"202":{"start":{"line":411,"column":2},"end":{"line":418,"column":3}},"203":{"start":{"line":412,"column":4},"end":{"line":412,"column":54}},"204":{"start":{"line":413,"column":4},"end":{"line":413,"column":46}},"205":{"start":{"line":414,"column":4},"end":{"line":414,"column":114}},"206":{"start":{"line":415,"column":4},"end":{"line":415,"column":73}},"207":{"start":{"line":416,"column":4},"end":{"line":416,"column":52}},"208":{"start":{"line":417,"column":4},"end":{"line":417,"column":33}},"209":{"start":{"line":420,"column":2},"end":{"line":420,"column":14}},"210":{"start":{"line":426,"column":2},"end":{"line":435,"column":3}},"211":{"start":{"line":427,"column":4},"end":{"line":427,"column":21}},"212":{"start":{"line":429,"column":18},"end":{"line":429,"column":78}},"213":{"start":{"line":429,"column":44},"end":{"line":429,"column":77}},"214":{"start":{"line":430,"column":4},"end":{"line":434,"column":5}},"215":{"start":{"line":431,"column":6},"end":{"line":431,"column":94}},"216":{"start":{"line":431,"column":56},"end":{"line":431,"column":89}},"217":{"start":{"line":433,"column":6},"end":{"line":433,"column":33}},"218":{"start":{"line":437,"column":2},"end":{"line":437,"column":29}},"219":{"start":{"line":439,"column":2},"end":{"line":439,"column":14}},"220":{"start":{"line":444,"column":2},"end":{"line":450,"column":3}},"221":{"start":{"line":445,"column":4},"end":{"line":445,"column":28}},"222":{"start":{"line":447,"column":18},"end":{"line":447,"column":78}},"223":{"start":{"line":447,"column":44},"end":{"line":447,"column":77}},"224":{"start":{"line":448,"column":4},"end":{"line":448,"column":28}},"225":{"start":{"line":449,"column":4},"end":{"line":449,"column":31}},"226":{"start":{"line":451,"column":2},"end":{"line":451,"column":55}},"227":{"start":{"line":452,"column":2},"end":{"line":452,"column":68}},"228":{"start":{"line":453,"column":2},"end":{"line":453,"column":36}},"229":{"start":{"line":455,"column":19},"end":{"line":455,"column":46}},"230":{"start":{"line":456,"column":2},"end":{"line":456,"column":45}},"231":{"start":{"line":457,"column":2},"end":{"line":457,"column":93}},"232":{"start":{"line":458,"column":2},"end":{"line":458,"column":37}},"233":{"start":{"line":460,"column":2},"end":{"line":460,"column":26}},"234":{"start":{"line":462,"column":2},"end":{"line":462,"column":14}},"235":{"start":{"line":468,"column":2},"end":{"line":470,"column":3}},"236":{"start":{"line":469,"column":4},"end":{"line":469,"column":37}},"237":{"start":{"line":472,"column":2},"end":{"line":474,"column":3}},"238":{"start":{"line":473,"column":4},"end":{"line":473,"column":45}},"239":{"start":{"line":476,"column":2},"end":{"line":478,"column":3}},"240":{"start":{"line":476,"column":15},"end":{"line":476,"column":16}},"241":{"start":{"line":477,"column":4},"end":{"line":477,"column":44}},"242":{"start":{"line":480,"column":2},"end":{"line":482,"column":3}},"243":{"start":{"line":480,"column":15},"end":{"line":480,"column":16}},"244":{"start":{"line":481,"column":4},"end":{"line":481,"column":47}},"245":{"start":{"line":497,"column":23},"end":{"line":502,"column":1}},"246":{"start":{"line":509,"column":19},"end":{"line":525,"column":1}},"247":{"start":{"line":510,"column":2},"end":{"line":510,"column":76}},"248":{"start":{"line":511,"column":2},"end":{"line":511,"column":18}},"249":{"start":{"line":513,"column":2},"end":{"line":524,"column":3}},"250":{"start":{"line":514,"column":4},"end":{"line":514,"column":38}},"251":{"start":{"line":515,"column":4},"end":{"line":515,"column":41}},"252":{"start":{"line":516,"column":4},"end":{"line":516,"column":61}},"253":{"start":{"line":517,"column":4},"end":{"line":517,"column":88}},"254":{"start":{"line":518,"column":4},"end":{"line":518,"column":12}},"255":{"start":{"line":520,"column":4},"end":{"line":520,"column":42}},"256":{"start":{"line":521,"column":4},"end":{"line":521,"column":41}},"257":{"start":{"line":522,"column":4},"end":{"line":522,"column":64}},"258":{"start":{"line":523,"column":4},"end":{"line":523,"column":12}},"259":{"start":{"line":527,"column":0},"end":{"line":527,"column":55}},"260":{"start":{"line":529,"column":24},"end":{"line":541,"column":1}},"261":{"start":{"line":530,"column":16},"end":{"line":530,"column":38}},"262":{"start":{"line":531,"column":2},"end":{"line":531,"column":63}},"263":{"start":{"line":532,"column":2},"end":{"line":532,"column":23}},"264":{"start":{"line":533,"column":2},"end":{"line":533,"column":34}},"265":{"start":{"line":534,"column":2},"end":{"line":537,"column":3}},"266":{"start":{"line":535,"column":4},"end":{"line":535,"column":76}},"267":{"start":{"line":536,"column":4},"end":{"line":536,"column":19}},"268":{"start":{"line":538,"column":2},"end":{"line":538,"column":95}},"269":{"start":{"line":539,"column":2},"end":{"line":539,"column":64}},"270":{"start":{"line":540,"column":2},"end":{"line":540,"column":19}},"271":{"start":{"line":543,"column":21},"end":{"line":548,"column":1}},"272":{"start":{"line":544,"column":2},"end":{"line":544,"column":86}},"273":{"start":{"line":545,"column":2},"end":{"line":545,"column":71}},"274":{"start":{"line":546,"column":2},"end":{"line":546,"column":28}},"275":{"start":{"line":547,"column":2},"end":{"line":547,"column":21}},"276":{"start":{"line":550,"column":2},"end":{"line":550,"column":81}},"277":{"start":{"line":553,"column":26},"end":{"line":559,"column":1}},"278":{"start":{"line":554,"column":2},"end":{"line":556,"column":4}},"279":{"start":{"line":555,"column":4},"end":{"line":555,"column":31}},"280":{"start":{"line":557,"column":2},"end":{"line":557,"column":79}},"281":{"start":{"line":558,"column":2},"end":{"line":558,"column":110}},"282":{"start":{"line":566,"column":27},"end":{"line":581,"column":1}},"283":{"start":{"line":567,"column":31},"end":{"line":576,"column":3}},"284":{"start":{"line":568,"column":4},"end":{"line":568,"column":129}},"285":{"start":{"line":569,"column":4},"end":{"line":569,"column":41}},"286":{"start":{"line":570,"column":4},"end":{"line":570,"column":44}},"287":{"start":{"line":571,"column":4},"end":{"line":571,"column":70}},"288":{"start":{"line":572,"column":4},"end":{"line":575,"column":5}},"289":{"start":{"line":573,"column":6},"end":{"line":573,"column":78}},"290":{"start":{"line":574,"column":6},"end":{"line":574,"column":27}},"291":{"start":{"line":577,"column":30},"end":{"line":579,"column":3}},"292":{"start":{"line":578,"column":4},"end":{"line":578,"column":63}},"293":{"start":{"line":580,"column":2},"end":{"line":580,"column":73}},"294":{"start":{"line":583,"column":0},"end":{"line":613,"column":1}}},"fnMap":{"0":{"name":"(anonymous_0)","decl":{"start":{"line":31,"column":46},"end":{"line":31,"column":47}},"loc":{"start":{"line":31,"column":63},"end":{"line":44,"column":1}},"line":31},"1":{"name":"settingsTime","decl":{"start":{"line":46,"column":9},"end":{"line":46,"column":21}},"loc":{"start":{"line":46,"column":25},"end":{"line":68,"column":1}},"line":46},"2":{"name":"disableTime","decl":{"start":{"line":70,"column":9},"end":{"line":70,"column":20}},"loc":{"start":{"line":70,"column":24},"end":{"line":86,"column":1}},"line":70},"3":{"name":"showSettings","decl":{"start":{"line":88,"column":9},"end":{"line":88,"column":21}},"loc":{"start":{"line":88,"column":25},"end":{"line":116,"column":1}},"line":88},"4":{"name":"startSession","decl":{"start":{"line":118,"column":9},"end":{"line":118,"column":21}},"loc":{"start":{"line":118,"column":25},"end":{"line":128,"column":1}},"line":118},"5":{"name":"stopSession","decl":{"start":{"line":130,"column":9},"end":{"line":130,"column":20}},"loc":{"start":{"line":130,"column":24},"end":{"line":147,"column":1}},"line":130},"6":{"name":"runTimer","decl":{"start":{"line":149,"column":9},"end":{"line":149,"column":17}},"loc":{"start":{"line":149,"column":32},"end":{"line":158,"column":1}},"line":149},"7":{"name":"updateSeedsImage","decl":{"start":{"line":160,"column":9},"end":{"line":160,"column":25}},"loc":{"start":{"line":160,"column":29},"end":{"line":194,"column":1}},"line":160},"8":{"name":"updateProgressBar","decl":{"start":{"line":196,"column":9},"end":{"line":196,"column":26}},"loc":{"start":{"line":196,"column":30},"end":{"line":237,"column":1}},"line":196},"9":{"name":"updateTimerLen","decl":{"start":{"line":239,"column":9},"end":{"line":239,"column":23}},"loc":{"start":{"line":239,"column":27},"end":{"line":254,"column":1}},"line":239},"10":{"name":"displayMinSecond","decl":{"start":{"line":256,"column":9},"end":{"line":256,"column":25}},"loc":{"start":{"line":256,"column":37},"end":{"line":267,"column":1}},"line":256},"11":{"name":"updateTimer","decl":{"start":{"line":269,"column":9},"end":{"line":269,"column":20}},"loc":{"start":{"line":269,"column":24},"end":{"line":284,"column":1}},"line":269},"12":{"name":"stateChange","decl":{"start":{"line":288,"column":9},"end":{"line":288,"column":20}},"loc":{"start":{"line":288,"column":50},"end":{"line":335,"column":1}},"line":288},"13":{"name":"buildNewTask","decl":{"start":{"line":352,"column":9},"end":{"line":352,"column":21}},"loc":{"start":{"line":352,"column":25},"end":{"line":386,"column":1}},"line":352},"14":{"name":"addToList","decl":{"start":{"line":388,"column":9},"end":{"line":388,"column":18}},"loc":{"start":{"line":388,"column":22},"end":{"line":397,"column":1}},"line":388},"15":{"name":"focusTask","decl":{"start":{"line":399,"column":9},"end":{"line":399,"column":18}},"loc":{"start":{"line":399,"column":22},"end":{"line":421,"column":1}},"line":399},"16":{"name":"(anonymous_16)","decl":{"start":{"line":401,"column":37},"end":{"line":401,"column":38}},"loc":{"start":{"line":401,"column":42},"end":{"line":401,"column":75}},"line":401},"17":{"name":"delFromList","decl":{"start":{"line":424,"column":9},"end":{"line":424,"column":20}},"loc":{"start":{"line":424,"column":24},"end":{"line":440,"column":1}},"line":424},"18":{"name":"(anonymous_18)","decl":{"start":{"line":429,"column":39},"end":{"line":429,"column":40}},"loc":{"start":{"line":429,"column":44},"end":{"line":429,"column":77}},"line":429},"19":{"name":"(anonymous_19)","decl":{"start":{"line":431,"column":51},"end":{"line":431,"column":52}},"loc":{"start":{"line":431,"column":56},"end":{"line":431,"column":89}},"line":431},"20":{"name":"completeTask","decl":{"start":{"line":442,"column":9},"end":{"line":442,"column":21}},"loc":{"start":{"line":442,"column":25},"end":{"line":463,"column":1}},"line":442},"21":{"name":"(anonymous_21)","decl":{"start":{"line":447,"column":39},"end":{"line":447,"column":40}},"loc":{"start":{"line":447,"column":44},"end":{"line":447,"column":77}},"line":447},"22":{"name":"redrawList","decl":{"start":{"line":467,"column":9},"end":{"line":467,"column":19}},"loc":{"start":{"line":467,"column":23},"end":{"line":483,"column":1}},"line":467},"23":{"name":"(anonymous_23)","decl":{"start":{"line":509,"column":19},"end":{"line":509,"column":20}},"loc":{"start":{"line":509,"column":24},"end":{"line":525,"column":1}},"line":509},"24":{"name":"(anonymous_24)","decl":{"start":{"line":529,"column":24},"end":{"line":529,"column":25}},"loc":{"start":{"line":529,"column":29},"end":{"line":541,"column":1}},"line":529},"25":{"name":"(anonymous_25)","decl":{"start":{"line":543,"column":21},"end":{"line":543,"column":22}},"loc":{"start":{"line":543,"column":34},"end":{"line":548,"column":1}},"line":543},"26":{"name":"restartSession","decl":{"start":{"line":549,"column":9},"end":{"line":549,"column":23}},"loc":{"start":{"line":549,"column":27},"end":{"line":551,"column":1}},"line":549},"27":{"name":"(anonymous_27)","decl":{"start":{"line":553,"column":26},"end":{"line":553,"column":27}},"loc":{"start":{"line":553,"column":32},"end":{"line":559,"column":1}},"line":553},"28":{"name":"(anonymous_28)","decl":{"start":{"line":554,"column":34},"end":{"line":554,"column":35}},"loc":{"start":{"line":554,"column":42},"end":{"line":556,"column":3}},"line":554},"29":{"name":"(anonymous_29)","decl":{"start":{"line":566,"column":27},"end":{"line":566,"column":28}},"loc":{"start":{"line":566,"column":50},"end":{"line":581,"column":1}},"line":566},"30":{"name":"(anonymous_30)","decl":{"start":{"line":567,"column":31},"end":{"line":567,"column":32}},"loc":{"start":{"line":567,"column":36},"end":{"line":576,"column":3}},"line":567},"31":{"name":"(anonymous_31)","decl":{"start":{"line":577,"column":30},"end":{"line":577,"column":31}},"loc":{"start":{"line":577,"column":36},"end":{"line":579,"column":3}},"line":577}},"branchMap":{"0":{"loc":{"start":{"line":52,"column":2},"end":{"line":67,"column":3}},"type":"if","locations":[{"start":{"line":52,"column":2},"end":{"line":67,"column":3}},{"start":{"line":52,"column":2},"end":{"line":67,"column":3}}],"line":52},"1":{"loc":{"start":{"line":52,"column":6},"end":{"line":54,"column":55}},"type":"binary-expr","locations":[{"start":{"line":52,"column":7},"end":{"line":52,"column":32}},{"start":{"line":52,"column":36},"end":{"line":52,"column":62}},{"start":{"line":53,"column":3},"end":{"line":53,"column":26}},{"start":{"line":53,"column":30},"end":{"line":53,"column":54}},{"start":{"line":54,"column":3},"end":{"line":54,"column":26}},{"start":{"line":54,"column":30},"end":{"line":54,"column":54}}],"line":52},"2":{"loc":{"start":{"line":77,"column":2},"end":{"line":85,"column":3}},"type":"if","locations":[{"start":{"line":77,"column":2},"end":{"line":85,"column":3}},{"start":{"line":77,"column":2},"end":{"line":85,"column":3}}],"line":77},"3":{"loc":{"start":{"line":95,"column":2},"end":{"line":97,"column":3}},"type":"if","locations":[{"start":{"line":95,"column":2},"end":{"line":97,"column":3}},{"start":{"line":95,"column":2},"end":{"line":97,"column":3}}],"line":95},"4":{"loc":{"start":{"line":99,"column":2},"end":{"line":101,"column":3}},"type":"if","locations":[{"start":{"line":99,"column":2},"end":{"line":101,"column":3}},{"start":{"line":99,"column":2},"end":{"line":101,"column":3}}],"line":99},"5":{"loc":{"start":{"line":103,"column":2},"end":{"line":105,"column":3}},"type":"if","locations":[{"start":{"line":103,"column":2},"end":{"line":105,"column":3}},{"start":{"line":103,"column":2},"end":{"line":105,"column":3}}],"line":103},"6":{"loc":{"start":{"line":111,"column":2},"end":{"line":115,"column":3}},"type":"if","locations":[{"start":{"line":111,"column":2},"end":{"line":115,"column":3}},{"start":{"line":111,"column":2},"end":{"line":115,"column":3}}],"line":111},"7":{"loc":{"start":{"line":153,"column":2},"end":{"line":156,"column":3}},"type":"if","locations":[{"start":{"line":153,"column":2},"end":{"line":156,"column":3}},{"start":{"line":153,"column":2},"end":{"line":156,"column":3}}],"line":153},"8":{"loc":{"start":{"line":171,"column":2},"end":{"line":181,"column":3}},"type":"switch","locations":[{"start":{"line":172,"column":4},"end":{"line":174,"column":11}},{"start":{"line":175,"column":4},"end":{"line":177,"column":11}},{"start":{"line":178,"column":4},"end":{"line":180,"column":11}}],"line":171},"9":{"loc":{"start":{"line":184,"column":2},"end":{"line":188,"column":3}},"type":"if","locations":[{"start":{"line":184,"column":2},"end":{"line":188,"column":3}},{"start":{"line":184,"column":2},"end":{"line":188,"column":3}}],"line":184},"10":{"loc":{"start":{"line":207,"column":2},"end":{"line":236,"column":3}},"type":"switch","locations":[{"start":{"line":208,"column":4},"end":{"line":216,"column":11}},{"start":{"line":217,"column":4},"end":{"line":226,"column":11}},{"start":{"line":227,"column":4},"end":{"line":235,"column":11}}],"line":207},"11":{"loc":{"start":{"line":242,"column":2},"end":{"line":252,"column":3}},"type":"switch","locations":[{"start":{"line":243,"column":4},"end":{"line":245,"column":11}},{"start":{"line":246,"column":4},"end":{"line":248,"column":11}},{"start":{"line":249,"column":4},"end":{"line":251,"column":11}}],"line":242},"12":{"loc":{"start":{"line":260,"column":2},"end":{"line":262,"column":3}},"type":"if","locations":[{"start":{"line":260,"column":2},"end":{"line":262,"column":3}},{"start":{"line":260,"column":2},"end":{"line":262,"column":3}}],"line":260},"13":{"loc":{"start":{"line":263,"column":2},"end":{"line":265,"column":3}},"type":"if","locations":[{"start":{"line":263,"column":2},"end":{"line":265,"column":3}},{"start":{"line":263,"column":2},"end":{"line":265,"column":3}}],"line":263},"14":{"loc":{"start":{"line":270,"column":2},"end":{"line":273,"column":3}},"type":"if","locations":[{"start":{"line":270,"column":2},"end":{"line":273,"column":3}},{"start":{"line":270,"column":2},"end":{"line":273,"column":3}}],"line":270},"15":{"loc":{"start":{"line":281,"column":2},"end":{"line":283,"column":3}},"type":"if","locations":[{"start":{"line":281,"column":2},"end":{"line":283,"column":3}},{"start":{"line":281,"column":2},"end":{"line":283,"column":3}}],"line":281},"16":{"loc":{"start":{"line":281,"column":6},"end":{"line":281,"column":60}},"type":"binary-expr","locations":[{"start":{"line":281,"column":6},"end":{"line":281,"column":34}},{"start":{"line":281,"column":38},"end":{"line":281,"column":60}}],"line":281},"17":{"loc":{"start":{"line":290,"column":2},"end":{"line":333,"column":3}},"type":"switch","locations":[{"start":{"line":291,"column":4},"end":{"line":298,"column":11}},{"start":{"line":299,"column":4},"end":{"line":318,"column":11}},{"start":{"line":319,"column":4},"end":{"line":332,"column":11}}],"line":290},"18":{"loc":{"start":{"line":292,"column":6},"end":{"line":296,"column":7}},"type":"if","locations":[{"start":{"line":292,"column":6},"end":{"line":296,"column":7}},{"start":{"line":292,"column":6},"end":{"line":296,"column":7}}],"line":292},"19":{"loc":{"start":{"line":303,"column":6},"end":{"line":313,"column":7}},"type":"if","locations":[{"start":{"line":303,"column":6},"end":{"line":313,"column":7}},{"start":{"line":303,"column":6},"end":{"line":313,"column":7}}],"line":303},"20":{"loc":{"start":{"line":411,"column":2},"end":{"line":418,"column":3}},"type":"if","locations":[{"start":{"line":411,"column":2},"end":{"line":418,"column":3}},{"start":{"line":411,"column":2},"end":{"line":418,"column":3}}],"line":411},"21":{"loc":{"start":{"line":426,"column":2},"end":{"line":435,"column":3}},"type":"if","locations":[{"start":{"line":426,"column":2},"end":{"line":435,"column":3}},{"start":{"line":426,"column":2},"end":{"line":435,"column":3}}],"line":426},"22":{"loc":{"start":{"line":426,"column":6},"end":{"line":426,"column":78}},"type":"binary-expr","locations":[{"start":{"line":426,"column":6},"end":{"line":426,"column":28}},{"start":{"line":426,"column":32},"end":{"line":426,"column":78}}],"line":426},"23":{"loc":{"start":{"line":430,"column":4},"end":{"line":434,"column":5}},"type":"if","locations":[{"start":{"line":430,"column":4},"end":{"line":434,"column":5}},{"start":{"line":430,"column":4},"end":{"line":434,"column":5}}],"line":430},"24":{"loc":{"start":{"line":444,"column":2},"end":{"line":450,"column":3}},"type":"if","locations":[{"start":{"line":444,"column":2},"end":{"line":450,"column":3}},{"start":{"line":444,"column":2},"end":{"line":450,"column":3}}],"line":444},"25":{"loc":{"start":{"line":444,"column":6},"end":{"line":444,"column":78}},"type":"binary-expr","locations":[{"start":{"line":444,"column":6},"end":{"line":444,"column":28}},{"start":{"line":444,"column":32},"end":{"line":444,"column":78}}],"line":444},"26":{"loc":{"start":{"line":472,"column":2},"end":{"line":474,"column":3}},"type":"if","locations":[{"start":{"line":472,"column":2},"end":{"line":474,"column":3}},{"start":{"line":472,"column":2},"end":{"line":474,"column":3}}],"line":472},"27":{"loc":{"start":{"line":513,"column":2},"end":{"line":524,"column":3}},"type":"if","locations":[{"start":{"line":513,"column":2},"end":{"line":524,"column":3}},{"start":{"line":513,"column":2},"end":{"line":524,"column":3}}],"line":513},"28":{"loc":{"start":{"line":534,"column":2},"end":{"line":537,"column":3}},"type":"if","locations":[{"start":{"line":534,"column":2},"end":{"line":537,"column":3}},{"start":{"line":534,"column":2},"end":{"line":537,"column":3}}],"line":534},"29":{"loc":{"start":{"line":568,"column":16},"end":{"line":568,"column":128}},"type":"binary-expr","locations":[{"start":{"line":568,"column":16},"end":{"line":568,"column":40}},{"start":{"line":568,"column":44},"end":{"line":568,"column":71}},{"start":{"line":568,"column":75},"end":{"line":568,"column":128}}],"line":568},"30":{"loc":{"start":{"line":572,"column":4},"end":{"line":575,"column":5}},"type":"if","locations":[{"start":{"line":572,"column":4},"end":{"line":575,"column":5}},{"start":{"line":572,"column":4},"end":{"line":575,"column":5}}],"line":572},"31":{"loc":{"start":{"line":572,"column":8},"end":{"line":572,"column":120}},"type":"binary-expr","locations":[{"start":{"line":572,"column":8},"end":{"line":572,"column":32}},{"start":{"line":572,"column":36},"end":{"line":572,"column":63}},{"start":{"line":572,"column":67},"end":{"line":572,"column":120}}],"line":572}},"s":{"0":5,"1":5,"2":5,"3":5,"4":2,"5":2,"6":2,"7":2,"8":2,"9":2,"10":2,"11":2,"12":2,"13":2,"14":7,"15":7,"16":7,"17":7,"18":1,"19":1,"20":1,"21":1,"22":1,"23":1,"24":1,"25":6,"26":6,"27":9,"28":9,"29":9,"30":9,"31":9,"32":2,"33":2,"34":2,"35":7,"36":7,"37":7,"38":6,"39":6,"40":6,"41":6,"42":6,"43":6,"44":6,"45":6,"46":6,"47":6,"48":6,"49":6,"50":3,"51":3,"52":1,"53":1,"54":1,"55":1,"56":1,"57":1,"58":1,"59":1,"60":1,"61":1,"62":1,"63":1,"64":1,"65":1,"66":4,"67":4,"68":4,"69":3,"70":3,"71":4,"72":5,"73":5,"74":5,"75":5,"76":5,"77":2,"78":2,"79":2,"80":2,"81":1,"82":1,"83":5,"84":2,"85":3,"86":5,"87":5,"88":5,"89":5,"90":5,"91":5,"92":5,"93":5,"94":5,"95":2,"96":2,"97":2,"98":2,"99":2,"100":2,"101":1,"102":1,"103":1,"104":15,"105":12,"106":12,"107":2,"108":2,"109":1,"110":1,"111":15,"112":14,"113":14,"114":14,"115":8,"116":14,"117":9,"118":14,"119":4,"120":2,"121":2,"122":4,"123":4,"124":4,"125":4,"126":4,"127":4,"128":1,"129":7,"130":7,"131":3,"132":1,"133":2,"134":3,"135":3,"136":2,"137":2,"138":2,"139":2,"140":1,"141":1,"142":1,"143":1,"144":2,"145":2,"146":2,"147":2,"148":2,"149":2,"150":2,"151":2,"152":2,"153":2,"154":2,"155":2,"156":2,"157":2,"158":7,"159":5,"160":5,"161":5,"162":5,"163":16,"164":16,"165":16,"166":16,"167":16,"168":16,"169":16,"170":16,"171":16,"172":16,"173":16,"174":16,"175":16,"176":16,"177":16,"178":16,"179":16,"180":16,"181":16,"182":16,"183":16,"184":16,"185":16,"186":16,"187":16,"188":16,"189":15,"190":15,"191":15,"192":15,"193":7,"194":7,"195":7,"196":7,"197":7,"198":7,"199":7,"200":7,"201":7,"202":7,"203":1,"204":1,"205":1,"206":1,"207":1,"208":1,"209":7,"210":16,"211":5,"212":11,"213":8,"214":11,"215":4,"216":3,"217":7,"218":16,"219":16,"220":3,"221":1,"222":2,"223":2,"224":2,"225":2,"226":3,"227":3,"228":3,"229":3,"230":3,"231":3,"232":3,"233":3,"234":3,"235":41,"236":23,"237":41,"238":8,"239":41,"240":41,"241":26,"242":41,"243":41,"244":3,"245":5,"246":5,"247":3,"248":3,"249":3,"250":2,"251":2,"252":2,"253":2,"254":2,"255":1,"256":1,"257":1,"258":1,"259":5,"260":5,"261":17,"262":17,"263":17,"264":17,"265":17,"266":2,"267":2,"268":15,"269":15,"270":15,"271":5,"272":1,"273":1,"274":1,"275":1,"276":4,"277":5,"278":2,"279":6,"280":2,"281":2,"282":5,"283":4,"284":3,"285":3,"286":3,"287":3,"288":3,"289":3,"290":3,"291":4,"292":3,"293":4,"294":5},"f":{"0":2,"1":7,"2":9,"3":6,"4":1,"5":1,"6":4,"7":5,"8":5,"9":15,"10":14,"11":4,"12":7,"13":16,"14":15,"15":7,"16":7,"17":16,"18":8,"19":3,"20":3,"21":2,"22":41,"23":3,"24":17,"25":1,"26":4,"27":2,"28":6,"29":4,"30":3,"31":3},"b":{"0":[1,6],"1":[7,6,5,4,3,2],"2":[2,7],"3":[6,0],"4":[6,0],"5":[6,0],"6":[3,3],"7":[3,1],"8":[2,2,1],"9":[2,3],"10":[2,2,1],"11":[12,2,1],"12":[8,6],"13":[9,5],"14":[2,2],"15":[1,3],"16":[4,2],"17":[3,2,2],"18":[1,2],"19":[1,1],"20":[1,6],"21":[5,11],"22":[16,6],"23":[4,7],"24":[1,2],"25":[3,1],"26":[8,33],"27":[2,1],"28":[2,15],"29":[3,3,3],"30":[3,0],"31":[3,3,3]},"_coverageSchema":"1a1c01bbd47fc00a2c39e90264f33305004495a9","hash":"984fa1738b3248e58178263b296ddd814d5d6297"}
}
