TN:
SF:js/example.js
FN:2,sum
FNF:1
FNH:1
FNDA:1,sum
DA:3,1
DA:5,1
LF:2
LH:2
BRF:0
BRH:0
end_of_record
TN:
SF:source/main.js
FN:30,(anonymous_0)
FN:45,settingsTime
FN:71,disableTime
FN:89,showSettings
FN:119,startSession
FN:131,stopSession
FN:150,runTimer
FN:160,updateSeedsImage
FN:189,updateProgressBar
FN:233,updateTimerLen
FN:251,displayMinSecond
FN:263,updateTimer
FN:280,stateChange
FN:338,buildNewTask
FN:374,addToList
FN:385,focusTask
FN:387,(anonymous_16)
FN:410,delFromList
FN:415,(anonymous_18)
FN:417,(anonymous_19)
FN:428,completeTask
FN:433,(anonymous_21)
FN:453,redrawList
FN:487,(anonymous_23)
FN:505,(anonymous_24)
FN:519,(anonymous_25)
FN:525,restartSession
FN:529,(anonymous_27)
FN:530,(anonymous_28)
FN:538,(anonymous_29)
FN:539,(anonymous_30)
FN:545,(anonymous_31)
FNF:32
FNH:32
FNDA:2,(anonymous_0)
FNDA:7,settingsTime
FNDA:9,disableTime
FNDA:6,showSettings
FNDA:1,startSession
FNDA:1,stopSession
FNDA:4,runTimer
FNDA:5,updateSeedsImage
FNDA:5,updateProgressBar
FNDA:15,updateTimerLen
FNDA:14,displayMinSecond
FNDA:4,updateTimer
FNDA:7,stateChange
FNDA:16,buildNewTask
FNDA:15,addToList
FNDA:7,focusTask
FNDA:7,(anonymous_16)
FNDA:16,delFromList
FNDA:8,(anonymous_18)
FNDA:3,(anonymous_19)
FNDA:3,completeTask
FNDA:2,(anonymous_21)
FNDA:41,redrawList
FNDA:3,(anonymous_23)
FNDA:17,(anonymous_24)
FNDA:1,(anonymous_25)
FNDA:4,restartSession
FNDA:2,(anonymous_27)
FNDA:6,(anonymous_28)
FNDA:4,(anonymous_29)
FNDA:3,(anonymous_30)
FNDA:3,(anonymous_31)
DA:1,5
DA:13,5
DA:24,5
DA:30,5
DA:31,2
DA:32,2
DA:33,2
DA:34,2
DA:35,2
DA:36,2
DA:37,2
DA:38,2
DA:41,2
DA:42,2
DA:46,7
DA:47,7
DA:48,7
DA:51,7
DA:54,1
DA:55,1
DA:56,1
DA:57,1
DA:58,1
DA:60,1
DA:61,1
DA:62,1
DA:65,6
DA:66,6
DA:67,6
DA:72,9
DA:73,9
DA:74,9
DA:75,9
DA:78,9
DA:79,2
DA:80,2
DA:81,2
DA:83,7
DA:84,7
DA:85,7
DA:91,6
DA:92,6
DA:93,6
DA:94,6
DA:96,6
DA:97,1
DA:100,6
DA:101,2
DA:104,6
DA:105,2
DA:109,6
DA:112,6
DA:113,3
DA:115,3
DA:121,1
DA:122,1
DA:125,1
DA:128,1
DA:133,1
DA:134,1
DA:135,1
DA:136,1
DA:139,1
DA:140,1
DA:142,1
DA:143,1
DA:145,1
DA:147,1
DA:151,4
DA:153,4
DA:154,3
DA:155,3
DA:157,4
DA:162,5
DA:163,5
DA:164,5
DA:165,5
DA:168,5
DA:170,2
DA:171,2
DA:173,2
DA:174,2
DA:176,1
DA:177,1
DA:179,5
DA:180,2
DA:182,3
DA:185,5
DA:186,5
DA:191,5
DA:192,5
DA:194,5
DA:195,5
DA:196,5
DA:197,5
DA:198,5
DA:199,5
DA:200,5
DA:201,5
DA:204,2
DA:209,2
DA:210,2
DA:213,2
DA:215,2
DA:220,2
DA:223,1
DA:225,1
DA:229,1
DA:236,15
DA:238,12
DA:239,12
DA:241,2
DA:242,2
DA:244,1
DA:245,1
DA:248,15
DA:252,14
DA:253,14
DA:254,14
DA:255,8
DA:257,14
DA:258,9
DA:260,14
DA:264,4
DA:265,2
DA:266,2
DA:268,4
DA:269,4
DA:270,4
DA:271,4
DA:274,4
DA:275,1
DA:281,7
DA:283,3
DA:284,1
DA:286,2
DA:288,3
DA:289,3
DA:291,2
DA:292,2
DA:293,2
DA:294,2
DA:295,1
DA:298,1
DA:301,2
DA:303,2
DA:304,2
DA:305,2
DA:308,2
DA:310,2
DA:311,2
DA:312,2
DA:313,2
DA:314,2
DA:316,2
DA:317,2
DA:318,2
DA:320,7
DA:332,5
DA:333,5
DA:334,5
DA:336,5
DA:339,16
DA:340,16
DA:341,16
DA:342,16
DA:345,16
DA:346,16
DA:347,16
DA:348,16
DA:349,16
DA:351,16
DA:352,16
DA:353,16
DA:354,16
DA:355,16
DA:357,16
DA:358,16
DA:359,16
DA:360,16
DA:362,16
DA:363,16
DA:364,16
DA:365,16
DA:366,16
DA:367,16
DA:369,16
DA:371,16
DA:375,15
DA:376,15
DA:380,15
DA:382,15
DA:386,7
DA:387,7
DA:388,7
DA:389,7
DA:390,7
DA:391,7
DA:392,7
DA:396,7
DA:397,7
DA:398,1
DA:399,1
DA:400,1
DA:401,1
DA:402,1
DA:403,1
DA:406,7
DA:412,16
DA:413,5
DA:415,11
DA:416,11
DA:417,4
DA:419,7
DA:423,16
DA:425,16
DA:430,3
DA:431,1
DA:433,2
DA:434,2
DA:435,2
DA:437,3
DA:438,3
DA:439,3
DA:441,3
DA:442,3
DA:443,3
DA:444,3
DA:446,3
DA:448,3
DA:454,41
DA:455,23
DA:458,41
DA:459,8
DA:462,41
DA:463,26
DA:466,41
DA:467,3
DA:480,5
DA:487,5
DA:488,3
DA:489,3
DA:491,3
DA:492,2
DA:493,2
DA:494,2
DA:495,2
DA:497,1
DA:498,1
DA:499,1
DA:503,5
DA:505,5
DA:506,17
DA:507,17
DA:508,17
DA:509,17
DA:510,17
DA:511,2
DA:512,2
DA:514,15
DA:515,15
DA:516,15
DA:519,5
DA:520,1
DA:521,1
DA:522,1
DA:523,1
DA:526,4
DA:529,5
DA:530,2
DA:531,6
DA:533,2
DA:534,2
DA:538,5
DA:539,4
DA:540,3
DA:541,3
DA:542,3
DA:545,4
DA:546,3
DA:548,4
DA:550,5
DA:551,5
LF:283
LH:283
BRDA:51,0,0,1
BRDA:51,0,1,6
BRDA:51,1,0,7
BRDA:51,1,1,6
BRDA:51,1,2,5
BRDA:51,1,3,4
BRDA:51,1,4,3
BRDA:51,1,5,2
BRDA:78,2,0,2
BRDA:78,2,1,7
BRDA:96,3,0,1
BRDA:96,3,1,5
BRDA:100,4,0,2
BRDA:100,4,1,4
BRDA:104,5,0,2
BRDA:104,5,1,4
BRDA:112,6,0,3
BRDA:112,6,1,3
BRDA:153,7,0,3
BRDA:153,7,1,1
BRDA:168,8,0,2
BRDA:168,8,1,2
BRDA:168,8,2,1
BRDA:179,9,0,2
BRDA:179,9,1,3
BRDA:201,10,0,2
BRDA:201,10,1,2
BRDA:201,10,2,1
BRDA:236,11,0,12
BRDA:236,11,1,2
BRDA:236,11,2,1
BRDA:254,12,0,8
BRDA:254,12,1,6
BRDA:257,13,0,9
BRDA:257,13,1,5
BRDA:264,14,0,2
BRDA:264,14,1,2
BRDA:274,15,0,1
BRDA:274,15,1,3
BRDA:274,16,0,4
BRDA:274,16,1,2
BRDA:281,17,0,3
BRDA:281,17,1,2
BRDA:281,17,2,2
BRDA:283,18,0,1
BRDA:283,18,1,2
BRDA:294,19,0,1
BRDA:294,19,1,1
BRDA:397,20,0,1
BRDA:397,20,1,6
BRDA:412,21,0,5
BRDA:412,21,1,11
BRDA:412,22,0,16
BRDA:412,22,1,6
BRDA:416,23,0,4
BRDA:416,23,1,7
BRDA:430,24,0,1
BRDA:430,24,1,2
BRDA:430,25,0,3
BRDA:430,25,1,1
BRDA:458,26,0,8
BRDA:458,26,1,33
BRDA:491,27,0,2
BRDA:491,27,1,1
BRDA:510,28,0,2
BRDA:510,28,1,15
BRDA:540,29,0,3
BRDA:540,29,1,0
BRDA:540,30,0,3
BRDA:540,30,1,3
BRDA:540,30,2,3
BRF:71
BRH:70
end_of_record
