TN:
SF:js/example.js
FN:2,sum
FNF:1
FNH:1
FNDA:1,sum
DA:3,1
DA:5,1
LF:2
LH:2
BRF:0
BRH:0
end_of_record
TN:
SF:source/main.js
FN:22,(anonymous_0)
FN:36,settingsTime
FN:61,disableTime
FN:79,showSettings
FN:109,startSession
FN:121,stopSession
FN:140,runTimer
FN:151,updateSeedsImage
FN:187,updateProgressBar
FN:230,updateTimerLen
FN:247,displayMinSecond
FN:259,updateTimer
FN:273,stateChange
FN:337,(anonymous_13)
FN:359,(anonymous_14)
FN:373,(anonymous_15)
FN:379,restartSession
FN:383,(anonymous_17)
FN:384,(anonymous_18)
FN:391,(anonymous_19)
FN:400,(anonymous_20)
FN:401,(anonymous_21)
FN:407,(anonymous_22)
FNF:23
FNH:22
FNDA:2,(anonymous_0)
FNDA:7,settingsTime
FNDA:9,disableTime
FNDA:6,showSettings
FNDA:1,startSession
FNDA:1,stopSession
FNDA:3,runTimer
FNDA:2,updateSeedsImage
FNDA:2,updateProgressBar
FNDA:14,updateTimerLen
FNDA:11,displayMinSecond
FNDA:2,updateTimer
FNDA:6,stateChange
FNDA:2,(anonymous_13)
FNDA:17,(anonymous_14)
FNDA:1,(anonymous_15)
FNDA:3,restartSession
FNDA:2,(anonymous_17)
FNDA:6,(anonymous_18)
FNDA:0,(anonymous_19)
FNDA:3,(anonymous_20)
FNDA:2,(anonymous_21)
FNDA:2,(anonymous_22)
DA:1,4
DA:4,4
DA:16,4
DA:22,4
DA:23,2
DA:24,2
DA:25,2
DA:26,2
DA:27,2
DA:28,2
DA:29,2
DA:32,2
DA:33,2
DA:37,7
DA:38,7
DA:39,7
DA:42,7
DA:46,1
DA:47,1
DA:48,1
DA:49,1
DA:50,1
DA:52,1
DA:53,1
DA:56,6
DA:57,6
DA:62,9
DA:63,9
DA:64,9
DA:65,9
DA:68,9
DA:69,2
DA:70,2
DA:71,2
DA:73,7
DA:74,7
DA:75,7
DA:81,6
DA:82,6
DA:83,6
DA:84,6
DA:86,6
DA:87,2
DA:90,6
DA:91,2
DA:94,6
DA:95,2
DA:99,6
DA:102,6
DA:103,3
DA:105,3
DA:111,1
DA:112,1
DA:115,1
DA:118,1
DA:123,1
DA:124,1
DA:125,1
DA:126,1
DA:129,1
DA:130,1
DA:132,1
DA:133,1
DA:135,1
DA:137,1
DA:141,3
DA:142,3
DA:144,3
DA:145,2
DA:146,2
DA:148,3
DA:153,2
DA:154,2
DA:155,2
DA:157,2
DA:162,2
DA:164,1
DA:165,1
DA:167,0
DA:168,0
DA:170,1
DA:171,1
DA:175,2
DA:176,1
DA:178,1
DA:183,2
DA:184,2
DA:189,2
DA:190,2
DA:192,2
DA:193,2
DA:194,2
DA:195,2
DA:198,2
DA:201,1
DA:206,1
DA:207,1
DA:210,0
DA:212,0
DA:217,0
DA:220,1
DA:222,1
DA:226,1
DA:233,14
DA:235,12
DA:236,12
DA:238,1
DA:239,1
DA:241,1
DA:242,1
DA:244,14
DA:249,11
DA:250,11
DA:251,11
DA:252,8
DA:254,11
DA:255,8
DA:257,11
DA:260,2
DA:261,1
DA:262,1
DA:264,2
DA:265,2
DA:266,2
DA:267,2
DA:268,2
DA:274,6
DA:275,6
DA:277,2
DA:278,1
DA:280,1
DA:282,2
DA:283,2
DA:285,2
DA:286,2
DA:287,2
DA:288,2
DA:289,1
DA:292,1
DA:294,1
DA:297,1
DA:299,2
DA:301,2
DA:302,2
DA:303,2
DA:306,2
DA:308,2
DA:309,2
DA:310,2
DA:311,2
DA:312,2
DA:313,2
DA:315,2
DA:316,2
DA:317,2
DA:319,6
DA:325,4
DA:337,4
DA:338,2
DA:339,2
DA:340,2
DA:341,2
DA:343,2
DA:344,2
DA:345,2
DA:346,2
DA:347,2
DA:348,2
DA:350,0
DA:351,0
DA:352,0
DA:353,0
DA:357,4
DA:359,4
DA:360,17
DA:361,17
DA:362,17
DA:363,17
DA:364,17
DA:365,2
DA:366,2
DA:368,15
DA:369,15
DA:370,15
DA:373,4
DA:374,1
DA:375,1
DA:376,1
DA:377,1
DA:380,3
DA:383,4
DA:384,2
DA:385,6
DA:387,2
DA:388,2
DA:391,4
DA:392,0
DA:393,0
DA:400,4
DA:401,3
DA:402,2
DA:403,2
DA:404,2
DA:407,3
DA:408,2
DA:410,3
DA:413,4
LF:207
LH:196
BRDA:42,0,0,1
BRDA:42,0,1,6
BRDA:42,1,0,7
BRDA:42,1,1,6
BRDA:42,1,2,5
BRDA:42,1,3,4
BRDA:42,1,4,3
BRDA:42,1,5,2
BRDA:68,2,0,2
BRDA:68,2,1,7
BRDA:86,3,0,2
BRDA:86,3,1,4
BRDA:90,4,0,2
BRDA:90,4,1,4
BRDA:94,5,0,2
BRDA:94,5,1,4
BRDA:102,6,0,3
BRDA:102,6,1,3
BRDA:144,7,0,2
BRDA:144,7,1,1
BRDA:162,8,0,1
BRDA:162,8,1,0
BRDA:162,8,2,1
BRDA:175,9,0,1
BRDA:175,9,1,1
BRDA:198,10,0,1
BRDA:198,10,1,0
BRDA:198,10,2,1
BRDA:233,11,0,12
BRDA:233,11,1,1
BRDA:233,11,2,1
BRDA:251,12,0,8
BRDA:251,12,1,3
BRDA:254,13,0,8
BRDA:254,13,1,3
BRDA:260,14,0,1
BRDA:260,14,1,1
BRDA:275,15,0,2
BRDA:275,15,1,2
BRDA:275,15,2,2
BRDA:277,16,0,1
BRDA:277,16,1,1
BRDA:288,17,0,1
BRDA:288,17,1,1
BRDA:343,18,0,2
BRDA:343,18,1,0
BRDA:364,19,0,2
BRDA:364,19,1,15
BRDA:402,20,0,2
BRDA:402,20,1,0
BRDA:402,21,0,2
BRDA:402,21,1,2
BRDA:402,21,2,2
BRF:53
BRH:49
end_of_record
